{"/home/anton/.zenflow/worktrees/modernize-and-improve-js-crawler-5859/src/configuration.ts": {"path":"/home/anton/.zenflow/worktrees/modernize-and-improve-js-crawler-5859/src/configuration.ts","all":false,"statementMap":{"18":{"start":{"line":19,"column":0},"end":{"line":19,"column":22}},"20":{"start":{"line":21,"column":0},"end":{"line":21,"column":24}},"21":{"start":{"line":22,"column":0},"end":{"line":22,"column":43}},"22":{"start":{"line":23,"column":0},"end":{"line":23,"column":44}},"23":{"start":{"line":24,"column":0},"end":{"line":24,"column":48}},"24":{"start":{"line":25,"column":0},"end":{"line":25,"column":38}},"25":{"start":{"line":26,"column":0},"end":{"line":26,"column":30}},"26":{"start":{"line":27,"column":0},"end":{"line":27,"column":33}},"28":{"start":{"line":29,"column":0},"end":{"line":29,"column":54}},"29":{"start":{"line":30,"column":0},"end":{"line":30,"column":23}},"30":{"start":{"line":31,"column":0},"end":{"line":31,"column":24}},"31":{"start":{"line":32,"column":0},"end":{"line":32,"column":32}},"32":{"start":{"line":33,"column":0},"end":{"line":33,"column":57}},"33":{"start":{"line":34,"column":0},"end":{"line":34,"column":56}},"34":{"start":{"line":35,"column":0},"end":{"line":35,"column":42}},"35":{"start":{"line":36,"column":0},"end":{"line":36,"column":34}},"36":{"start":{"line":37,"column":0},"end":{"line":37,"column":34}},"37":{"start":{"line":38,"column":0},"end":{"line":38,"column":22}},"38":{"start":{"line":39,"column":0},"end":{"line":39,"column":26}},"39":{"start":{"line":40,"column":0},"end":{"line":40,"column":35}},"40":{"start":{"line":41,"column":0},"end":{"line":41,"column":22}},"41":{"start":{"line":42,"column":0},"end":{"line":42,"column":14}},"42":{"start":{"line":43,"column":0},"end":{"line":43,"column":26}},"43":{"start":{"line":44,"column":0},"end":{"line":44,"column":15}},"44":{"start":{"line":45,"column":0},"end":{"line":45,"column":16}},"45":{"start":{"line":46,"column":0},"end":{"line":46,"column":16}},"46":{"start":{"line":47,"column":0},"end":{"line":47,"column":17}},"47":{"start":{"line":48,"column":0},"end":{"line":48,"column":2}},"49":{"start":{"line":50,"column":0},"end":{"line":50,"column":53}},"50":{"start":{"line":51,"column":0},"end":{"line":51,"column":10}},"51":{"start":{"line":52,"column":0},"end":{"line":52,"column":19}},"52":{"start":{"line":53,"column":0},"end":{"line":53,"column":14}},"53":{"start":{"line":54,"column":0},"end":{"line":54,"column":26}},"54":{"start":{"line":55,"column":0},"end":{"line":55,"column":25}},"55":{"start":{"line":56,"column":0},"end":{"line":56,"column":19}},"56":{"start":{"line":57,"column":0},"end":{"line":57,"column":15}},"57":{"start":{"line":58,"column":0},"end":{"line":58,"column":15}},"58":{"start":{"line":59,"column":0},"end":{"line":59,"column":13}},"59":{"start":{"line":60,"column":0},"end":{"line":60,"column":16}},"60":{"start":{"line":61,"column":0},"end":{"line":61,"column":25}},"61":{"start":{"line":62,"column":0},"end":{"line":62,"column":13}},"62":{"start":{"line":63,"column":0},"end":{"line":63,"column":12}},"63":{"start":{"line":64,"column":0},"end":{"line":64,"column":21}},"64":{"start":{"line":65,"column":0},"end":{"line":65,"column":10}},"65":{"start":{"line":66,"column":0},"end":{"line":66,"column":2}},"67":{"start":{"line":68,"column":0},"end":{"line":68,"column":36}},"68":{"start":{"line":69,"column":0},"end":{"line":69,"column":31}},"70":{"start":{"line":71,"column":0},"end":{"line":71,"column":17}},"71":{"start":{"line":72,"column":0},"end":{"line":72,"column":41}},"72":{"start":{"line":73,"column":0},"end":{"line":73,"column":3}},"74":{"start":{"line":75,"column":0},"end":{"line":75,"column":44}},"75":{"start":{"line":76,"column":0},"end":{"line":76,"column":53}},"76":{"start":{"line":77,"column":0},"end":{"line":77,"column":56}},"77":{"start":{"line":78,"column":0},"end":{"line":78,"column":3}},"79":{"start":{"line":80,"column":0},"end":{"line":80,"column":33}},"80":{"start":{"line":81,"column":0},"end":{"line":81,"column":47}},"81":{"start":{"line":82,"column":0},"end":{"line":82,"column":42}},"82":{"start":{"line":83,"column":0},"end":{"line":83,"column":37}},"83":{"start":{"line":84,"column":0},"end":{"line":84,"column":5}},"84":{"start":{"line":85,"column":0},"end":{"line":85,"column":36}},"85":{"start":{"line":86,"column":0},"end":{"line":86,"column":3}},"87":{"start":{"line":88,"column":0},"end":{"line":88,"column":35}},"88":{"start":{"line":89,"column":0},"end":{"line":89,"column":12}},"89":{"start":{"line":90,"column":0},"end":{"line":90,"column":35}},"90":{"start":{"line":91,"column":0},"end":{"line":91,"column":35}},"91":{"start":{"line":92,"column":0},"end":{"line":92,"column":37}},"92":{"start":{"line":93,"column":0},"end":{"line":93,"column":6}},"93":{"start":{"line":94,"column":0},"end":{"line":94,"column":3}},"95":{"start":{"line":96,"column":0},"end":{"line":96,"column":21}},"96":{"start":{"line":97,"column":0},"end":{"line":97,"column":48}},"97":{"start":{"line":98,"column":0},"end":{"line":98,"column":30}},"98":{"start":{"line":99,"column":0},"end":{"line":99,"column":30}},"99":{"start":{"line":100,"column":0},"end":{"line":100,"column":32}},"100":{"start":{"line":101,"column":0},"end":{"line":101,"column":13}},"101":{"start":{"line":102,"column":0},"end":{"line":102,"column":43}},"102":{"start":{"line":103,"column":0},"end":{"line":103,"column":74}},"103":{"start":{"line":104,"column":0},"end":{"line":104,"column":21}},"104":{"start":{"line":105,"column":0},"end":{"line":105,"column":23}},"105":{"start":{"line":106,"column":0},"end":{"line":106,"column":27}},"106":{"start":{"line":107,"column":0},"end":{"line":107,"column":27}},"107":{"start":{"line":108,"column":0},"end":{"line":108,"column":30}},"108":{"start":{"line":109,"column":0},"end":{"line":109,"column":8}},"109":{"start":{"line":110,"column":0},"end":{"line":110,"column":17}},"110":{"start":{"line":111,"column":0},"end":{"line":111,"column":5}},"112":{"start":{"line":113,"column":0},"end":{"line":113,"column":19}},"113":{"start":{"line":114,"column":0},"end":{"line":114,"column":21}},"114":{"start":{"line":115,"column":0},"end":{"line":115,"column":31}},"115":{"start":{"line":116,"column":0},"end":{"line":116,"column":31}},"116":{"start":{"line":117,"column":0},"end":{"line":117,"column":33}},"117":{"start":{"line":118,"column":0},"end":{"line":118,"column":6}},"118":{"start":{"line":119,"column":0},"end":{"line":119,"column":24}},"119":{"start":{"line":120,"column":0},"end":{"line":120,"column":3}},"120":{"start":{"line":121,"column":0},"end":{"line":121,"column":1}}},"s":{"18":1,"20":1,"21":1,"22":1,"23":1,"24":1,"25":1,"26":1,"28":1,"29":1,"30":1,"31":1,"32":1,"33":1,"34":1,"35":1,"36":1,"37":1,"38":1,"39":1,"40":1,"41":1,"42":1,"43":1,"44":1,"45":1,"46":1,"47":1,"49":1,"50":1,"51":1,"52":1,"53":1,"54":1,"55":1,"56":1,"57":1,"58":1,"59":1,"60":1,"61":1,"62":1,"63":1,"64":1,"65":1,"67":1,"68":78,"70":78,"71":78,"72":78,"74":78,"75":70,"76":70,"77":70,"79":78,"80":911,"81":911,"82":13665,"83":13665,"84":911,"85":911,"87":78,"88":170,"89":170,"90":170,"91":170,"92":170,"93":170,"95":78,"96":66,"97":66,"98":66,"99":66,"100":66,"101":66,"102":6,"103":6,"104":6,"105":6,"106":6,"107":6,"108":6,"109":6,"110":6,"112":60,"113":60,"114":66,"115":66,"116":66,"117":66,"118":66,"119":66,"120":78},"branchMap":{"0":{"type":"branch","line":19,"loc":{"start":{"line":19,"column":13},"end":{"line":19,"column":22}},"locations":[{"start":{"line":19,"column":13},"end":{"line":19,"column":22}}]},"1":{"type":"branch","line":39,"loc":{"start":{"line":39,"column":15},"end":{"line":39,"column":26}},"locations":[{"start":{"line":39,"column":15},"end":{"line":39,"column":26}}]},"2":{"type":"branch","line":40,"loc":{"start":{"line":40,"column":24},"end":{"line":40,"column":35}},"locations":[{"start":{"line":40,"column":24},"end":{"line":40,"column":35}}]},"3":{"type":"branch","line":68,"loc":{"start":{"line":68,"column":35},"end":{"line":121,"column":1}},"locations":[{"start":{"line":68,"column":35},"end":{"line":121,"column":1}}]},"4":{"type":"branch","line":71,"loc":{"start":{"line":71,"column":2},"end":{"line":73,"column":3}},"locations":[{"start":{"line":71,"column":2},"end":{"line":73,"column":3}}]},"5":{"type":"branch","line":75,"loc":{"start":{"line":75,"column":2},"end":{"line":78,"column":3}},"locations":[{"start":{"line":75,"column":2},"end":{"line":78,"column":3}}]},"6":{"type":"branch","line":80,"loc":{"start":{"line":80,"column":2},"end":{"line":86,"column":3}},"locations":[{"start":{"line":80,"column":2},"end":{"line":86,"column":3}}]},"7":{"type":"branch","line":82,"loc":{"start":{"line":82,"column":41},"end":{"line":84,"column":5}},"locations":[{"start":{"line":82,"column":41},"end":{"line":84,"column":5}}]},"8":{"type":"branch","line":88,"loc":{"start":{"line":88,"column":2},"end":{"line":94,"column":3}},"locations":[{"start":{"line":88,"column":2},"end":{"line":94,"column":3}}]},"9":{"type":"branch","line":96,"loc":{"start":{"line":96,"column":2},"end":{"line":120,"column":3}},"locations":[{"start":{"line":96,"column":2},"end":{"line":120,"column":3}}]},"10":{"type":"branch","line":102,"loc":{"start":{"line":102,"column":42},"end":{"line":111,"column":5}},"locations":[{"start":{"line":102,"column":42},"end":{"line":111,"column":5}}]},"11":{"type":"branch","line":106,"loc":{"start":{"line":106,"column":17},"end":{"line":106,"column":27}},"locations":[{"start":{"line":106,"column":17},"end":{"line":106,"column":27}}]},"12":{"type":"branch","line":107,"loc":{"start":{"line":107,"column":17},"end":{"line":107,"column":27}},"locations":[{"start":{"line":107,"column":17},"end":{"line":107,"column":27}}]},"13":{"type":"branch","line":108,"loc":{"start":{"line":108,"column":18},"end":{"line":108,"column":30}},"locations":[{"start":{"line":108,"column":18},"end":{"line":108,"column":30}}]},"14":{"type":"branch","line":111,"loc":{"start":{"line":111,"column":4},"end":{"line":115,"column":26}},"locations":[{"start":{"line":111,"column":4},"end":{"line":115,"column":26}}]},"15":{"type":"branch","line":115,"loc":{"start":{"line":115,"column":15},"end":{"line":115,"column":31}},"locations":[{"start":{"line":115,"column":15},"end":{"line":115,"column":31}}]},"16":{"type":"branch","line":116,"loc":{"start":{"line":116,"column":15},"end":{"line":116,"column":31}},"locations":[{"start":{"line":116,"column":15},"end":{"line":116,"column":31}}]},"17":{"type":"branch","line":117,"loc":{"start":{"line":117,"column":16},"end":{"line":117,"column":33}},"locations":[{"start":{"line":117,"column":16},"end":{"line":117,"column":33}}]}},"b":{"0":[106],"1":[187],"2":[78],"3":[78],"4":[78],"5":[70],"6":[911],"7":[13665],"8":[170],"9":[66],"10":[6],"11":[0],"12":[4],"13":[1],"14":[60],"15":[40],"16":[46],"17":[43]},"fnMap":{"0":{"name":"noop","decl":{"start":{"line":19,"column":13},"end":{"line":19,"column":22}},"loc":{"start":{"line":19,"column":13},"end":{"line":19,"column":22}},"line":19},"1":{"name":"shouldCrawl","decl":{"start":{"line":39,"column":15},"end":{"line":39,"column":26}},"loc":{"start":{"line":39,"column":15},"end":{"line":39,"column":26}},"line":39},"2":{"name":"shouldCrawlLinksFrom","decl":{"start":{"line":40,"column":24},"end":{"line":40,"column":35}},"loc":{"start":{"line":40,"column":24},"end":{"line":40,"column":35}},"line":40},"3":{"name":"<instance_members_initializer>","decl":{"start":{"line":68,"column":35},"end":{"line":121,"column":1}},"loc":{"start":{"line":68,"column":35},"end":{"line":121,"column":1}},"line":68},"4":{"name":"Configuration","decl":{"start":{"line":71,"column":2},"end":{"line":73,"column":3}},"loc":{"start":{"line":71,"column":2},"end":{"line":73,"column":3}},"line":71},"5":{"name":"configure","decl":{"start":{"line":75,"column":2},"end":{"line":78,"column":3}},"loc":{"start":{"line":75,"column":2},"end":{"line":78,"column":3}},"line":75},"6":{"name":"get options","decl":{"start":{"line":80,"column":2},"end":{"line":86,"column":3}},"loc":{"start":{"line":80,"column":2},"end":{"line":86,"column":3}},"line":80},"7":{"name":"get callbacks","decl":{"start":{"line":88,"column":2},"end":{"line":94,"column":3}},"loc":{"start":{"line":88,"column":2},"end":{"line":94,"column":3}},"line":88},"8":{"name":"updateAndReturnUrl","decl":{"start":{"line":96,"column":2},"end":{"line":120,"column":3}},"loc":{"start":{"line":96,"column":2},"end":{"line":120,"column":3}},"line":96}},"f":{"0":106,"1":187,"2":78,"3":78,"4":78,"5":70,"6":911,"7":170,"8":66}}
,"/home/anton/.zenflow/worktrees/modernize-and-improve-js-crawler-5859/src/crawler.ts": {"path":"/home/anton/.zenflow/worktrees/modernize-and-improve-js-crawler-5859/src/crawler.ts","all":false,"statementMap":{"0":{"start":{"line":1,"column":0},"end":{"line":1,"column":38}},"24":{"start":{"line":25,"column":0},"end":{"line":25,"column":51}},"25":{"start":{"line":26,"column":0},"end":{"line":26,"column":39}},"26":{"start":{"line":27,"column":0},"end":{"line":27,"column":23}},"27":{"start":{"line":28,"column":0},"end":{"line":28,"column":43}},"28":{"start":{"line":29,"column":0},"end":{"line":29,"column":49}},"29":{"start":{"line":30,"column":0},"end":{"line":30,"column":57}},"30":{"start":{"line":31,"column":0},"end":{"line":31,"column":72}},"31":{"start":{"line":32,"column":0},"end":{"line":32,"column":24}},"32":{"start":{"line":33,"column":0},"end":{"line":33,"column":27}},"34":{"start":{"line":35,"column":0},"end":{"line":35,"column":17}},"35":{"start":{"line":36,"column":0},"end":{"line":36,"column":12}},"36":{"start":{"line":37,"column":0},"end":{"line":37,"column":45}},"37":{"start":{"line":38,"column":0},"end":{"line":38,"column":28}},"38":{"start":{"line":39,"column":0},"end":{"line":39,"column":54}},"39":{"start":{"line":40,"column":0},"end":{"line":40,"column":37}},"40":{"start":{"line":41,"column":0},"end":{"line":41,"column":8}},"41":{"start":{"line":42,"column":0},"end":{"line":42,"column":7}},"42":{"start":{"line":43,"column":0},"end":{"line":43,"column":3}},"44":{"start":{"line":45,"column":0},"end":{"line":45,"column":44}},"45":{"start":{"line":46,"column":0},"end":{"line":46,"column":42}},"46":{"start":{"line":47,"column":0},"end":{"line":47,"column":16}},"47":{"start":{"line":48,"column":0},"end":{"line":48,"column":3}},"57":{"start":{"line":58,"column":0},"end":{"line":58,"column":8}},"58":{"start":{"line":59,"column":0},"end":{"line":59,"column":48}},"59":{"start":{"line":60,"column":0},"end":{"line":60,"column":32}},"60":{"start":{"line":61,"column":0},"end":{"line":61,"column":32}},"61":{"start":{"line":62,"column":0},"end":{"line":62,"column":34}},"62":{"start":{"line":63,"column":0},"end":{"line":63,"column":31}},"63":{"start":{"line":64,"column":0},"end":{"line":64,"column":54}},"64":{"start":{"line":65,"column":0},"end":{"line":65,"column":19}},"65":{"start":{"line":66,"column":0},"end":{"line":66,"column":16}},"66":{"start":{"line":67,"column":0},"end":{"line":67,"column":16}},"67":{"start":{"line":68,"column":0},"end":{"line":68,"column":17}},"68":{"start":{"line":69,"column":0},"end":{"line":69,"column":6}},"70":{"start":{"line":71,"column":0},"end":{"line":71,"column":23}},"71":{"start":{"line":72,"column":0},"end":{"line":72,"column":26}},"72":{"start":{"line":73,"column":0},"end":{"line":73,"column":49}},"74":{"start":{"line":75,"column":0},"end":{"line":75,"column":47}},"76":{"start":{"line":77,"column":0},"end":{"line":77,"column":34}},"77":{"start":{"line":78,"column":0},"end":{"line":78,"column":54}},"78":{"start":{"line":79,"column":0},"end":{"line":79,"column":57}},"79":{"start":{"line":80,"column":0},"end":{"line":80,"column":7}},"80":{"start":{"line":81,"column":0},"end":{"line":81,"column":26}},"82":{"start":{"line":83,"column":0},"end":{"line":83,"column":35}},"83":{"start":{"line":84,"column":0},"end":{"line":84,"column":42}},"84":{"start":{"line":85,"column":0},"end":{"line":85,"column":38}},"85":{"start":{"line":86,"column":0},"end":{"line":86,"column":9}},"86":{"start":{"line":87,"column":0},"end":{"line":87,"column":12}},"87":{"start":{"line":88,"column":0},"end":{"line":88,"column":30}},"88":{"start":{"line":89,"column":0},"end":{"line":89,"column":5}},"91":{"start":{"line":92,"column":0},"end":{"line":92,"column":24}},"92":{"start":{"line":93,"column":0},"end":{"line":93,"column":41}},"93":{"start":{"line":94,"column":0},"end":{"line":94,"column":32}},"94":{"start":{"line":95,"column":0},"end":{"line":95,"column":31}},"96":{"start":{"line":97,"column":0},"end":{"line":97,"column":23}},"97":{"start":{"line":98,"column":0},"end":{"line":98,"column":45}},"98":{"start":{"line":99,"column":0},"end":{"line":99,"column":18}},"99":{"start":{"line":100,"column":0},"end":{"line":100,"column":5}},"101":{"start":{"line":102,"column":0},"end":{"line":102,"column":47}},"102":{"start":{"line":103,"column":0},"end":{"line":103,"column":41}},"103":{"start":{"line":104,"column":0},"end":{"line":104,"column":45}},"104":{"start":{"line":105,"column":0},"end":{"line":105,"column":7}},"105":{"start":{"line":106,"column":0},"end":{"line":106,"column":3}},"107":{"start":{"line":108,"column":0},"end":{"line":108,"column":16}},"108":{"start":{"line":109,"column":0},"end":{"line":109,"column":32}},"109":{"start":{"line":110,"column":0},"end":{"line":110,"column":31}},"110":{"start":{"line":111,"column":0},"end":{"line":111,"column":35}},"111":{"start":{"line":112,"column":0},"end":{"line":112,"column":5}},"112":{"start":{"line":113,"column":0},"end":{"line":113,"column":24}},"113":{"start":{"line":114,"column":0},"end":{"line":114,"column":27}},"114":{"start":{"line":115,"column":0},"end":{"line":115,"column":5}},"115":{"start":{"line":116,"column":0},"end":{"line":116,"column":52}},"116":{"start":{"line":117,"column":0},"end":{"line":117,"column":33}},"117":{"start":{"line":118,"column":0},"end":{"line":118,"column":3}},"119":{"start":{"line":120,"column":0},"end":{"line":120,"column":25}},"120":{"start":{"line":121,"column":0},"end":{"line":121,"column":23}},"121":{"start":{"line":122,"column":0},"end":{"line":122,"column":27}},"122":{"start":{"line":123,"column":0},"end":{"line":123,"column":31}},"123":{"start":{"line":124,"column":0},"end":{"line":124,"column":5}},"124":{"start":{"line":125,"column":0},"end":{"line":125,"column":3}},"126":{"start":{"line":127,"column":0},"end":{"line":127,"column":26}},"127":{"start":{"line":128,"column":0},"end":{"line":128,"column":42}},"128":{"start":{"line":129,"column":0},"end":{"line":129,"column":12}},"129":{"start":{"line":130,"column":0},"end":{"line":130,"column":41}},"130":{"start":{"line":131,"column":0},"end":{"line":131,"column":41}},"131":{"start":{"line":132,"column":0},"end":{"line":132,"column":49}},"132":{"start":{"line":133,"column":0},"end":{"line":133,"column":6}},"133":{"start":{"line":134,"column":0},"end":{"line":134,"column":3}},"135":{"start":{"line":136,"column":0},"end":{"line":136,"column":45}},"136":{"start":{"line":137,"column":0},"end":{"line":137,"column":24}},"137":{"start":{"line":138,"column":0},"end":{"line":138,"column":44}},"138":{"start":{"line":139,"column":0},"end":{"line":139,"column":44}},"139":{"start":{"line":140,"column":0},"end":{"line":140,"column":7}},"140":{"start":{"line":141,"column":0},"end":{"line":141,"column":31}},"141":{"start":{"line":142,"column":0},"end":{"line":142,"column":57}},"142":{"start":{"line":143,"column":0},"end":{"line":143,"column":5}},"143":{"start":{"line":144,"column":0},"end":{"line":144,"column":3}},"145":{"start":{"line":146,"column":0},"end":{"line":146,"column":51}},"146":{"start":{"line":147,"column":0},"end":{"line":147,"column":30}},"147":{"start":{"line":148,"column":0},"end":{"line":148,"column":25}},"148":{"start":{"line":149,"column":0},"end":{"line":149,"column":72}},"149":{"start":{"line":150,"column":0},"end":{"line":150,"column":55}},"150":{"start":{"line":151,"column":0},"end":{"line":151,"column":39}},"151":{"start":{"line":152,"column":0},"end":{"line":152,"column":35}},"152":{"start":{"line":153,"column":0},"end":{"line":153,"column":44}},"153":{"start":{"line":154,"column":0},"end":{"line":154,"column":38}},"154":{"start":{"line":155,"column":0},"end":{"line":155,"column":5}},"155":{"start":{"line":156,"column":0},"end":{"line":156,"column":24}},"156":{"start":{"line":157,"column":0},"end":{"line":157,"column":27}},"157":{"start":{"line":158,"column":0},"end":{"line":158,"column":27}},"158":{"start":{"line":159,"column":0},"end":{"line":159,"column":5}},"159":{"start":{"line":160,"column":0},"end":{"line":160,"column":3}},"161":{"start":{"line":162,"column":0},"end":{"line":162,"column":71}},"162":{"start":{"line":163,"column":0},"end":{"line":163,"column":33}},"164":{"start":{"line":165,"column":0},"end":{"line":165,"column":73}},"165":{"start":{"line":166,"column":0},"end":{"line":166,"column":27}},"166":{"start":{"line":167,"column":0},"end":{"line":167,"column":13}},"167":{"start":{"line":168,"column":0},"end":{"line":168,"column":5}},"169":{"start":{"line":170,"column":0},"end":{"line":170,"column":22}},"170":{"start":{"line":171,"column":0},"end":{"line":171,"column":27}},"171":{"start":{"line":172,"column":0},"end":{"line":172,"column":13}},"172":{"start":{"line":173,"column":0},"end":{"line":173,"column":5}},"174":{"start":{"line":175,"column":0},"end":{"line":175,"column":35}},"175":{"start":{"line":176,"column":0},"end":{"line":176,"column":27}},"176":{"start":{"line":177,"column":0},"end":{"line":177,"column":13}},"177":{"start":{"line":178,"column":0},"end":{"line":178,"column":5}},"179":{"start":{"line":180,"column":0},"end":{"line":180,"column":47}},"180":{"start":{"line":181,"column":0},"end":{"line":181,"column":37}},"181":{"start":{"line":182,"column":0},"end":{"line":182,"column":27}},"182":{"start":{"line":183,"column":0},"end":{"line":183,"column":13}},"183":{"start":{"line":184,"column":0},"end":{"line":184,"column":5}},"185":{"start":{"line":186,"column":0},"end":{"line":186,"column":36}},"186":{"start":{"line":187,"column":0},"end":{"line":187,"column":71}},"188":{"start":{"line":189,"column":0},"end":{"line":189,"column":39}},"189":{"start":{"line":190,"column":0},"end":{"line":190,"column":61}},"190":{"start":{"line":191,"column":0},"end":{"line":191,"column":41}},"191":{"start":{"line":192,"column":0},"end":{"line":192,"column":15}},"192":{"start":{"line":193,"column":0},"end":{"line":193,"column":7}},"195":{"start":{"line":196,"column":0},"end":{"line":196,"column":29}},"196":{"start":{"line":197,"column":0},"end":{"line":197,"column":62}},"197":{"start":{"line":198,"column":0},"end":{"line":198,"column":23}},"198":{"start":{"line":199,"column":0},"end":{"line":199,"column":54}},"199":{"start":{"line":200,"column":0},"end":{"line":200,"column":43}},"200":{"start":{"line":201,"column":0},"end":{"line":201,"column":17}},"201":{"start":{"line":202,"column":0},"end":{"line":202,"column":9}},"202":{"start":{"line":203,"column":0},"end":{"line":203,"column":7}},"204":{"start":{"line":205,"column":0},"end":{"line":205,"column":11}},"205":{"start":{"line":206,"column":0},"end":{"line":206,"column":44}},"206":{"start":{"line":207,"column":0},"end":{"line":207,"column":14}},"207":{"start":{"line":208,"column":0},"end":{"line":208,"column":18}},"208":{"start":{"line":209,"column":0},"end":{"line":209,"column":40}},"209":{"start":{"line":210,"column":0},"end":{"line":210,"column":35}},"210":{"start":{"line":211,"column":0},"end":{"line":211,"column":49}},"211":{"start":{"line":212,"column":0},"end":{"line":212,"column":41}},"212":{"start":{"line":213,"column":0},"end":{"line":213,"column":41}},"213":{"start":{"line":214,"column":0},"end":{"line":214,"column":47}},"214":{"start":{"line":215,"column":0},"end":{"line":215,"column":11}},"216":{"start":{"line":217,"column":0},"end":{"line":217,"column":63}},"217":{"start":{"line":218,"column":0},"end":{"line":218,"column":43}},"218":{"start":{"line":219,"column":0},"end":{"line":219,"column":17}},"219":{"start":{"line":220,"column":0},"end":{"line":220,"column":9}},"222":{"start":{"line":223,"column":0},"end":{"line":223,"column":72}},"223":{"start":{"line":224,"column":0},"end":{"line":224,"column":55}},"225":{"start":{"line":226,"column":0},"end":{"line":226,"column":38}},"226":{"start":{"line":227,"column":0},"end":{"line":227,"column":42}},"228":{"start":{"line":229,"column":0},"end":{"line":229,"column":39}},"229":{"start":{"line":230,"column":0},"end":{"line":230,"column":43}},"230":{"start":{"line":231,"column":0},"end":{"line":231,"column":17}},"231":{"start":{"line":232,"column":0},"end":{"line":232,"column":9}},"233":{"start":{"line":234,"column":0},"end":{"line":234,"column":33}},"234":{"start":{"line":235,"column":0},"end":{"line":235,"column":24}},"235":{"start":{"line":236,"column":0},"end":{"line":236,"column":38}},"236":{"start":{"line":237,"column":0},"end":{"line":237,"column":24}},"237":{"start":{"line":238,"column":0},"end":{"line":238,"column":22}},"238":{"start":{"line":239,"column":0},"end":{"line":239,"column":19}},"239":{"start":{"line":240,"column":0},"end":{"line":240,"column":15}},"240":{"start":{"line":241,"column":0},"end":{"line":241,"column":33}},"241":{"start":{"line":242,"column":0},"end":{"line":242,"column":10}},"243":{"start":{"line":244,"column":0},"end":{"line":244,"column":25}},"244":{"start":{"line":245,"column":0},"end":{"line":245,"column":51}},"245":{"start":{"line":246,"column":0},"end":{"line":246,"column":32}},"246":{"start":{"line":247,"column":0},"end":{"line":247,"column":48}},"248":{"start":{"line":249,"column":0},"end":{"line":249,"column":75}},"251":{"start":{"line":252,"column":0},"end":{"line":252,"column":12}},"252":{"start":{"line":253,"column":0},"end":{"line":253,"column":22}},"253":{"start":{"line":254,"column":0},"end":{"line":254,"column":36}},"254":{"start":{"line":255,"column":0},"end":{"line":255,"column":52}},"255":{"start":{"line":256,"column":0},"end":{"line":256,"column":35}},"256":{"start":{"line":257,"column":0},"end":{"line":257,"column":11}},"257":{"start":{"line":258,"column":0},"end":{"line":258,"column":47}},"258":{"start":{"line":259,"column":0},"end":{"line":259,"column":51}},"259":{"start":{"line":260,"column":0},"end":{"line":260,"column":45}},"260":{"start":{"line":261,"column":0},"end":{"line":261,"column":39}},"261":{"start":{"line":262,"column":0},"end":{"line":262,"column":13}},"262":{"start":{"line":263,"column":0},"end":{"line":263,"column":67}},"263":{"start":{"line":264,"column":0},"end":{"line":264,"column":37}},"264":{"start":{"line":265,"column":0},"end":{"line":265,"column":65}},"265":{"start":{"line":266,"column":0},"end":{"line":266,"column":55}},"266":{"start":{"line":267,"column":0},"end":{"line":267,"column":13}},"267":{"start":{"line":268,"column":0},"end":{"line":268,"column":11}},"268":{"start":{"line":269,"column":0},"end":{"line":269,"column":9}},"269":{"start":{"line":270,"column":0},"end":{"line":270,"column":21}},"270":{"start":{"line":271,"column":0},"end":{"line":271,"column":31}},"271":{"start":{"line":272,"column":0},"end":{"line":272,"column":43}},"272":{"start":{"line":273,"column":0},"end":{"line":273,"column":17}},"273":{"start":{"line":274,"column":0},"end":{"line":274,"column":9}},"275":{"start":{"line":276,"column":0},"end":{"line":276,"column":35}},"276":{"start":{"line":277,"column":0},"end":{"line":277,"column":62}},"278":{"start":{"line":279,"column":0},"end":{"line":279,"column":45}},"279":{"start":{"line":280,"column":0},"end":{"line":280,"column":22}},"280":{"start":{"line":281,"column":0},"end":{"line":281,"column":32}},"281":{"start":{"line":282,"column":0},"end":{"line":282,"column":24}},"282":{"start":{"line":283,"column":0},"end":{"line":283,"column":14}},"283":{"start":{"line":284,"column":0},"end":{"line":284,"column":27}},"284":{"start":{"line":285,"column":0},"end":{"line":285,"column":10}},"286":{"start":{"line":287,"column":0},"end":{"line":287,"column":33}},"287":{"start":{"line":288,"column":0},"end":{"line":288,"column":14}},"288":{"start":{"line":289,"column":0},"end":{"line":289,"column":20}},"289":{"start":{"line":290,"column":0},"end":{"line":290,"column":22}},"290":{"start":{"line":291,"column":0},"end":{"line":291,"column":16}},"291":{"start":{"line":292,"column":0},"end":{"line":292,"column":34}},"292":{"start":{"line":293,"column":0},"end":{"line":293,"column":19}},"293":{"start":{"line":294,"column":0},"end":{"line":294,"column":33}},"294":{"start":{"line":295,"column":0},"end":{"line":295,"column":10}},"296":{"start":{"line":297,"column":0},"end":{"line":297,"column":51}},"297":{"start":{"line":298,"column":0},"end":{"line":298,"column":33}},"298":{"start":{"line":299,"column":0},"end":{"line":299,"column":43}},"299":{"start":{"line":300,"column":0},"end":{"line":300,"column":17}},"300":{"start":{"line":301,"column":0},"end":{"line":301,"column":41}},"301":{"start":{"line":302,"column":0},"end":{"line":302,"column":7}},"302":{"start":{"line":303,"column":0},"end":{"line":303,"column":7}},"303":{"start":{"line":304,"column":0},"end":{"line":304,"column":3}},"305":{"start":{"line":306,"column":0},"end":{"line":306,"column":33}},"306":{"start":{"line":307,"column":0},"end":{"line":307,"column":34}},"307":{"start":{"line":308,"column":0},"end":{"line":308,"column":51}},"308":{"start":{"line":309,"column":0},"end":{"line":309,"column":5}},"309":{"start":{"line":310,"column":0},"end":{"line":310,"column":3}},"311":{"start":{"line":312,"column":0},"end":{"line":312,"column":32}},"312":{"start":{"line":313,"column":0},"end":{"line":313,"column":57}},"313":{"start":{"line":314,"column":0},"end":{"line":314,"column":3}},"315":{"start":{"line":316,"column":0},"end":{"line":316,"column":40}},"316":{"start":{"line":317,"column":0},"end":{"line":317,"column":57}},"317":{"start":{"line":318,"column":0},"end":{"line":318,"column":64}},"318":{"start":{"line":319,"column":0},"end":{"line":319,"column":3}},"320":{"start":{"line":321,"column":0},"end":{"line":321,"column":40}},"321":{"start":{"line":322,"column":0},"end":{"line":322,"column":43}},"322":{"start":{"line":323,"column":0},"end":{"line":323,"column":45}},"323":{"start":{"line":324,"column":0},"end":{"line":324,"column":5}},"324":{"start":{"line":325,"column":0},"end":{"line":325,"column":3}},"325":{"start":{"line":326,"column":0},"end":{"line":326,"column":1}}},"s":{"0":1,"24":1,"25":60,"26":60,"27":60,"28":60,"29":60,"30":60,"31":60,"32":60,"34":60,"35":60,"36":60,"37":60,"38":60,"39":59,"40":59,"41":60,"42":60,"44":60,"45":60,"46":60,"47":60,"57":60,"58":60,"59":60,"60":60,"61":60,"62":60,"63":60,"64":60,"65":60,"66":60,"67":60,"68":60,"70":60,"71":60,"72":60,"74":60,"76":60,"77":60,"78":60,"79":60,"80":60,"82":60,"83":3,"84":3,"85":3,"86":60,"87":57,"88":57,"91":60,"92":60,"93":56,"94":39,"96":60,"97":22,"98":22,"99":22,"101":38,"102":38,"103":38,"104":38,"105":60,"107":60,"108":2,"109":2,"110":2,"111":2,"112":2,"113":2,"114":2,"115":2,"116":2,"117":2,"119":60,"120":1,"121":1,"122":0,"123":0,"124":1,"126":60,"127":2,"128":2,"129":2,"130":2,"131":2,"132":2,"133":2,"135":60,"136":2,"137":2,"138":2,"139":2,"140":2,"141":2,"142":2,"143":2,"145":60,"146":65,"147":60,"148":60,"149":60,"150":60,"151":65,"152":38,"153":38,"154":38,"155":49,"156":49,"157":49,"158":49,"159":65,"161":60,"162":136,"164":136,"165":20,"166":20,"167":20,"169":136,"170":1,"171":1,"172":1,"174":136,"175":0,"176":0,"177":0,"179":115,"180":136,"181":1,"182":1,"183":1,"185":114,"186":114,"188":114,"189":114,"190":0,"191":0,"192":0,"195":114,"196":7,"197":7,"198":2,"199":2,"200":2,"201":2,"202":7,"204":112,"205":112,"206":112,"207":112,"208":112,"209":112,"210":112,"211":112,"212":112,"213":112,"214":114,"216":114,"217":3,"218":3,"219":3,"222":104,"223":104,"225":104,"226":104,"228":114,"229":4,"230":4,"231":4,"233":100,"234":100,"235":100,"236":100,"237":100,"238":100,"239":100,"240":114,"241":114,"243":114,"244":114,"245":114,"246":114,"248":114,"251":114,"252":114,"253":81,"254":79,"255":78,"256":114,"257":77,"258":77,"259":77,"260":77,"261":77,"262":77,"263":77,"264":78,"265":76,"266":76,"267":78,"268":77,"269":114,"270":7,"271":0,"272":0,"273":0,"275":7,"276":7,"278":7,"279":7,"280":7,"281":7,"282":7,"283":7,"284":7,"286":7,"287":7,"288":7,"289":7,"290":7,"291":7,"292":7,"293":7,"294":7,"296":7,"297":7,"298":7,"299":114,"300":112,"301":112,"302":114,"303":136,"305":60,"306":22,"307":4,"308":4,"309":22,"311":60,"312":442,"313":442,"315":60,"316":373,"317":373,"318":373,"320":60,"321":360,"322":4,"323":4,"324":360,"325":60},"branchMap":{"0":{"type":"branch","line":25,"loc":{"start":{"line":25,"column":50},"end":{"line":326,"column":1}},"locations":[{"start":{"line":25,"column":50},"end":{"line":326,"column":1}}]},"1":{"type":"branch","line":35,"loc":{"start":{"line":35,"column":2},"end":{"line":43,"column":3}},"locations":[{"start":{"line":35,"column":2},"end":{"line":43,"column":3}}]},"2":{"type":"branch","line":39,"loc":{"start":{"line":39,"column":26},"end":{"line":41,"column":8}},"locations":[{"start":{"line":39,"column":26},"end":{"line":41,"column":8}}]},"3":{"type":"branch","line":45,"loc":{"start":{"line":45,"column":2},"end":{"line":48,"column":3}},"locations":[{"start":{"line":45,"column":2},"end":{"line":48,"column":3}}]},"4":{"type":"branch","line":58,"loc":{"start":{"line":58,"column":2},"end":{"line":106,"column":3}},"locations":[{"start":{"line":58,"column":2},"end":{"line":106,"column":3}}]},"5":{"type":"branch","line":83,"loc":{"start":{"line":83,"column":34},"end":{"line":87,"column":11}},"locations":[{"start":{"line":83,"column":34},"end":{"line":87,"column":11}}]},"6":{"type":"branch","line":87,"loc":{"start":{"line":87,"column":4},"end":{"line":89,"column":5}},"locations":[{"start":{"line":87,"column":4},"end":{"line":89,"column":5}}]},"7":{"type":"branch","line":93,"loc":{"start":{"line":93,"column":30},"end":{"line":94,"column":32}},"locations":[{"start":{"line":93,"column":30},"end":{"line":94,"column":32}}]},"8":{"type":"branch","line":94,"loc":{"start":{"line":94,"column":20},"end":{"line":95,"column":31}},"locations":[{"start":{"line":94,"column":20},"end":{"line":95,"column":31}}]},"9":{"type":"branch","line":97,"loc":{"start":{"line":97,"column":22},"end":{"line":100,"column":5}},"locations":[{"start":{"line":97,"column":22},"end":{"line":100,"column":5}}]},"10":{"type":"branch","line":100,"loc":{"start":{"line":100,"column":4},"end":{"line":105,"column":7}},"locations":[{"start":{"line":100,"column":4},"end":{"line":105,"column":7}}]},"11":{"type":"branch","line":102,"loc":{"start":{"line":102,"column":33},"end":{"line":105,"column":5}},"locations":[{"start":{"line":102,"column":33},"end":{"line":105,"column":5}}]},"12":{"type":"branch","line":108,"loc":{"start":{"line":108,"column":2},"end":{"line":118,"column":3}},"locations":[{"start":{"line":108,"column":2},"end":{"line":118,"column":3}}]},"13":{"type":"branch","line":120,"loc":{"start":{"line":120,"column":2},"end":{"line":125,"column":3}},"locations":[{"start":{"line":120,"column":2},"end":{"line":125,"column":3}}]},"14":{"type":"branch","line":122,"loc":{"start":{"line":122,"column":26},"end":{"line":124,"column":5}},"locations":[{"start":{"line":122,"column":26},"end":{"line":124,"column":5}}]},"15":{"type":"branch","line":127,"loc":{"start":{"line":127,"column":2},"end":{"line":134,"column":3}},"locations":[{"start":{"line":127,"column":2},"end":{"line":134,"column":3}}]},"16":{"type":"branch","line":136,"loc":{"start":{"line":136,"column":2},"end":{"line":144,"column":3}},"locations":[{"start":{"line":136,"column":2},"end":{"line":144,"column":3}}]},"17":{"type":"branch","line":146,"loc":{"start":{"line":146,"column":10},"end":{"line":160,"column":3}},"locations":[{"start":{"line":146,"column":10},"end":{"line":160,"column":3}}]},"18":{"type":"branch","line":147,"loc":{"start":{"line":147,"column":23},"end":{"line":147,"column":30}},"locations":[{"start":{"line":147,"column":23},"end":{"line":147,"column":30}}]},"19":{"type":"branch","line":147,"loc":{"start":{"line":147,"column":23},"end":{"line":152,"column":34}},"locations":[{"start":{"line":147,"column":23},"end":{"line":152,"column":34}}]},"20":{"type":"branch","line":152,"loc":{"start":{"line":152,"column":34},"end":{"line":155,"column":5}},"locations":[{"start":{"line":152,"column":34},"end":{"line":155,"column":5}}]},"21":{"type":"branch","line":155,"loc":{"start":{"line":155,"column":4},"end":{"line":159,"column":5}},"locations":[{"start":{"line":155,"column":4},"end":{"line":159,"column":5}}]},"22":{"type":"branch","line":162,"loc":{"start":{"line":162,"column":10},"end":{"line":304,"column":3}},"locations":[{"start":{"line":162,"column":10},"end":{"line":304,"column":3}}]},"23":{"type":"branch","line":163,"loc":{"start":{"line":163,"column":26},"end":{"line":163,"column":33}},"locations":[{"start":{"line":163,"column":26},"end":{"line":163,"column":33}}]},"24":{"type":"branch","line":165,"loc":{"start":{"line":165,"column":35},"end":{"line":165,"column":72}},"locations":[{"start":{"line":165,"column":35},"end":{"line":165,"column":72}}]},"25":{"type":"branch","line":165,"loc":{"start":{"line":165,"column":72},"end":{"line":168,"column":5}},"locations":[{"start":{"line":165,"column":72},"end":{"line":168,"column":5}}]},"26":{"type":"branch","line":168,"loc":{"start":{"line":168,"column":4},"end":{"line":170,"column":21}},"locations":[{"start":{"line":168,"column":4},"end":{"line":170,"column":21}}]},"27":{"type":"branch","line":170,"loc":{"start":{"line":170,"column":21},"end":{"line":173,"column":5}},"locations":[{"start":{"line":170,"column":21},"end":{"line":173,"column":5}}]},"28":{"type":"branch","line":173,"loc":{"start":{"line":173,"column":4},"end":{"line":175,"column":34}},"locations":[{"start":{"line":173,"column":4},"end":{"line":175,"column":34}}]},"29":{"type":"branch","line":175,"loc":{"start":{"line":175,"column":34},"end":{"line":178,"column":5}},"locations":[{"start":{"line":175,"column":34},"end":{"line":178,"column":5}}]},"30":{"type":"branch","line":178,"loc":{"start":{"line":178,"column":4},"end":{"line":181,"column":36}},"locations":[{"start":{"line":178,"column":4},"end":{"line":181,"column":36}}]},"31":{"type":"branch","line":181,"loc":{"start":{"line":181,"column":36},"end":{"line":184,"column":5}},"locations":[{"start":{"line":181,"column":36},"end":{"line":184,"column":5}}]},"32":{"type":"branch","line":184,"loc":{"start":{"line":184,"column":4},"end":{"line":303,"column":7}},"locations":[{"start":{"line":184,"column":4},"end":{"line":303,"column":7}}]},"33":{"type":"branch","line":189,"loc":{"start":{"line":189,"column":26},"end":{"line":303,"column":5}},"locations":[{"start":{"line":189,"column":26},"end":{"line":303,"column":5}}]},"34":{"type":"branch","line":190,"loc":{"start":{"line":190,"column":60},"end":{"line":193,"column":7}},"locations":[{"start":{"line":190,"column":60},"end":{"line":193,"column":7}}]},"35":{"type":"branch","line":196,"loc":{"start":{"line":196,"column":28},"end":{"line":203,"column":7}},"locations":[{"start":{"line":196,"column":28},"end":{"line":203,"column":7}}]},"36":{"type":"branch","line":198,"loc":{"start":{"line":198,"column":22},"end":{"line":202,"column":9}},"locations":[{"start":{"line":198,"column":22},"end":{"line":202,"column":9}}]},"37":{"type":"branch","line":203,"loc":{"start":{"line":203,"column":6},"end":{"line":214,"column":47}},"locations":[{"start":{"line":203,"column":6},"end":{"line":214,"column":47}}]},"38":{"type":"branch","line":215,"loc":{"start":{"line":215,"column":9},"end":{"line":217,"column":62}},"locations":[{"start":{"line":215,"column":9},"end":{"line":217,"column":62}}]},"39":{"type":"branch","line":215,"loc":{"start":{"line":215,"column":9},"end":{"line":217,"column":32}},"locations":[{"start":{"line":215,"column":9},"end":{"line":217,"column":32}}]},"40":{"type":"branch","line":217,"loc":{"start":{"line":217,"column":27},"end":{"line":217,"column":62}},"locations":[{"start":{"line":217,"column":27},"end":{"line":217,"column":62}}]},"41":{"type":"branch","line":217,"loc":{"start":{"line":217,"column":62},"end":{"line":220,"column":9}},"locations":[{"start":{"line":217,"column":62},"end":{"line":220,"column":9}}]},"42":{"type":"branch","line":220,"loc":{"start":{"line":220,"column":8},"end":{"line":229,"column":38}},"locations":[{"start":{"line":220,"column":8},"end":{"line":229,"column":38}}]},"43":{"type":"branch","line":229,"loc":{"start":{"line":229,"column":38},"end":{"line":232,"column":9}},"locations":[{"start":{"line":229,"column":38},"end":{"line":232,"column":9}}]},"44":{"type":"branch","line":232,"loc":{"start":{"line":232,"column":8},"end":{"line":241,"column":30}},"locations":[{"start":{"line":232,"column":8},"end":{"line":241,"column":30}}]},"45":{"type":"branch","line":241,"loc":{"start":{"line":241,"column":19},"end":{"line":241,"column":33}},"locations":[{"start":{"line":241,"column":19},"end":{"line":241,"column":33}}]},"46":{"type":"branch","line":253,"loc":{"start":{"line":253,"column":18},"end":{"line":254,"column":36}},"locations":[{"start":{"line":253,"column":18},"end":{"line":254,"column":36}}]},"47":{"type":"branch","line":254,"loc":{"start":{"line":254,"column":32},"end":{"line":255,"column":52}},"locations":[{"start":{"line":254,"column":32},"end":{"line":255,"column":52}}]},"48":{"type":"branch","line":255,"loc":{"start":{"line":255,"column":48},"end":{"line":256,"column":35}},"locations":[{"start":{"line":255,"column":48},"end":{"line":256,"column":35}}]},"49":{"type":"branch","line":257,"loc":{"start":{"line":257,"column":10},"end":{"line":269,"column":9}},"locations":[{"start":{"line":257,"column":10},"end":{"line":269,"column":9}}]},"50":{"type":"branch","line":264,"loc":{"start":{"line":264,"column":36},"end":{"line":268,"column":11}},"locations":[{"start":{"line":264,"column":36},"end":{"line":268,"column":11}}]},"51":{"type":"branch","line":265,"loc":{"start":{"line":265,"column":32},"end":{"line":265,"column":64}},"locations":[{"start":{"line":265,"column":32},"end":{"line":265,"column":64}}]},"52":{"type":"branch","line":265,"loc":{"start":{"line":265,"column":64},"end":{"line":267,"column":13}},"locations":[{"start":{"line":265,"column":64},"end":{"line":267,"column":13}}]},"53":{"type":"branch","line":270,"loc":{"start":{"line":270,"column":6},"end":{"line":300,"column":8}},"locations":[{"start":{"line":270,"column":6},"end":{"line":300,"column":8}}]},"54":{"type":"branch","line":271,"loc":{"start":{"line":271,"column":30},"end":{"line":274,"column":9}},"locations":[{"start":{"line":271,"column":30},"end":{"line":274,"column":9}}]},"55":{"type":"branch","line":294,"loc":{"start":{"line":294,"column":19},"end":{"line":294,"column":33}},"locations":[{"start":{"line":294,"column":19},"end":{"line":294,"column":33}}]},"56":{"type":"branch","line":300,"loc":{"start":{"line":300,"column":6},"end":{"line":300,"column":8}},"locations":[{"start":{"line":300,"column":6},"end":{"line":300,"column":8}}]},"57":{"type":"branch","line":300,"loc":{"start":{"line":300,"column":6},"end":{"line":302,"column":7}},"locations":[{"start":{"line":300,"column":6},"end":{"line":302,"column":7}}]},"58":{"type":"branch","line":306,"loc":{"start":{"line":306,"column":10},"end":{"line":310,"column":3}},"locations":[{"start":{"line":306,"column":10},"end":{"line":310,"column":3}}]},"59":{"type":"branch","line":307,"loc":{"start":{"line":307,"column":33},"end":{"line":309,"column":5}},"locations":[{"start":{"line":307,"column":33},"end":{"line":309,"column":5}}]},"60":{"type":"branch","line":312,"loc":{"start":{"line":312,"column":10},"end":{"line":314,"column":3}},"locations":[{"start":{"line":312,"column":10},"end":{"line":314,"column":3}}]},"61":{"type":"branch","line":313,"loc":{"start":{"line":313,"column":40},"end":{"line":313,"column":57}},"locations":[{"start":{"line":313,"column":40},"end":{"line":313,"column":57}}]},"62":{"type":"branch","line":316,"loc":{"start":{"line":316,"column":10},"end":{"line":319,"column":3}},"locations":[{"start":{"line":316,"column":10},"end":{"line":319,"column":3}}]},"63":{"type":"branch","line":318,"loc":{"start":{"line":318,"column":24},"end":{"line":318,"column":64}},"locations":[{"start":{"line":318,"column":24},"end":{"line":318,"column":64}}]},"64":{"type":"branch","line":321,"loc":{"start":{"line":321,"column":10},"end":{"line":325,"column":3}},"locations":[{"start":{"line":321,"column":10},"end":{"line":325,"column":3}}]},"65":{"type":"branch","line":322,"loc":{"start":{"line":322,"column":42},"end":{"line":324,"column":5}},"locations":[{"start":{"line":322,"column":42},"end":{"line":324,"column":5}}]}},"b":{"0":[60],"1":[60],"2":[59],"3":[60],"4":[60],"5":[3],"6":[57],"7":[56],"8":[39],"9":[22],"10":[38],"11":[38],"12":[2],"13":[1],"14":[0],"15":[2],"16":[2],"17":[65],"18":[5],"19":[60],"20":[38],"21":[49],"22":[136],"23":[0],"24":[122],"25":[20],"26":[116],"27":[1],"28":[115],"29":[0],"30":[115],"31":[1],"32":[114],"33":[114],"34":[0],"35":[7],"36":[2],"37":[112],"38":[110],"39":[107],"40":[104],"41":[3],"42":[104],"43":[4],"44":[100],"45":[52],"46":[81],"47":[79],"48":[78],"49":[77],"50":[78],"51":[76],"52":[76],"53":[7],"54":[0],"55":[6],"56":[100],"57":[112],"58":[22],"59":[4],"60":[442],"61":[0],"62":[373],"63":[32],"64":[360],"65":[4]},"fnMap":{"0":{"name":"<instance_members_initializer>","decl":{"start":{"line":25,"column":50},"end":{"line":326,"column":1}},"loc":{"start":{"line":25,"column":50},"end":{"line":326,"column":1}},"line":25},"1":{"name":"Crawler","decl":{"start":{"line":35,"column":2},"end":{"line":43,"column":3}},"loc":{"start":{"line":35,"column":2},"end":{"line":43,"column":3}},"line":35},"2":{"name":"onCrawlingFinished","decl":{"start":{"line":39,"column":26},"end":{"line":41,"column":8}},"loc":{"start":{"line":39,"column":26},"end":{"line":41,"column":8}},"line":39},"3":{"name":"configure","decl":{"start":{"line":45,"column":2},"end":{"line":48,"column":3}},"loc":{"start":{"line":45,"column":2},"end":{"line":48,"column":3}},"line":45},"4":{"name":"crawl","decl":{"start":{"line":58,"column":2},"end":{"line":106,"column":3}},"loc":{"start":{"line":58,"column":2},"end":{"line":106,"column":3}},"line":58},"5":{"name":"stop","decl":{"start":{"line":108,"column":2},"end":{"line":118,"column":3}},"loc":{"start":{"line":108,"column":2},"end":{"line":118,"column":3}},"line":108},"6":{"name":"forgetCrawled","decl":{"start":{"line":120,"column":2},"end":{"line":125,"column":3}},"loc":{"start":{"line":120,"column":2},"end":{"line":125,"column":3}},"line":120},"7":{"name":"freeze","decl":{"start":{"line":127,"column":2},"end":{"line":134,"column":3}},"loc":{"start":{"line":127,"column":2},"end":{"line":134,"column":3}},"line":127},"8":{"name":"defrost","decl":{"start":{"line":136,"column":2},"end":{"line":144,"column":3}},"loc":{"start":{"line":136,"column":2},"end":{"line":144,"column":3}},"line":136},"9":{"name":"onFinished","decl":{"start":{"line":146,"column":10},"end":{"line":160,"column":3}},"loc":{"start":{"line":146,"column":10},"end":{"line":160,"column":3}},"line":146},"10":{"name":"crawlUrl","decl":{"start":{"line":162,"column":10},"end":{"line":304,"column":3}},"loc":{"start":{"line":162,"column":10},"end":{"line":304,"column":3}},"line":162},"11":{"name":"checkFinished","decl":{"start":{"line":306,"column":10},"end":{"line":310,"column":3}},"loc":{"start":{"line":306,"column":10},"end":{"line":310,"column":3}},"line":306},"12":{"name":"isAborted","decl":{"start":{"line":312,"column":10},"end":{"line":314,"column":3}},"loc":{"start":{"line":312,"column":10},"end":{"line":314,"column":3}},"line":312},"13":{"name":"isMaxPagesReached","decl":{"start":{"line":316,"column":10},"end":{"line":319,"column":3}},"loc":{"start":{"line":316,"column":10},"end":{"line":319,"column":3}},"line":316},"14":{"name":"debug","decl":{"start":{"line":321,"column":10},"end":{"line":325,"column":3}},"loc":{"start":{"line":321,"column":10},"end":{"line":325,"column":3}},"line":321}},"f":{"0":60,"1":60,"2":59,"3":60,"4":60,"5":2,"6":1,"7":2,"8":2,"9":65,"10":136,"11":22,"12":442,"13":373,"14":360}}
,"/home/anton/.zenflow/worktrees/modernize-and-improve-js-crawler-5859/src/executor.ts": {"path":"/home/anton/.zenflow/worktrees/modernize-and-improve-js-crawler-5859/src/executor.ts","all":false,"statementMap":{"12":{"start":{"line":13,"column":0},"end":{"line":13,"column":31}},"13":{"start":{"line":14,"column":0},"end":{"line":14,"column":44}},"14":{"start":{"line":15,"column":0},"end":{"line":15,"column":46}},"15":{"start":{"line":16,"column":0},"end":{"line":16,"column":114}},"16":{"start":{"line":17,"column":0},"end":{"line":17,"column":26}},"17":{"start":{"line":18,"column":0},"end":{"line":18,"column":25}},"18":{"start":{"line":19,"column":0},"end":{"line":19,"column":29}},"19":{"start":{"line":20,"column":0},"end":{"line":20,"column":71}},"20":{"start":{"line":21,"column":0},"end":{"line":21,"column":26}},"21":{"start":{"line":22,"column":0},"end":{"line":22,"column":49}},"23":{"start":{"line":24,"column":0},"end":{"line":24,"column":74}},"24":{"start":{"line":25,"column":0},"end":{"line":25,"column":45}},"25":{"start":{"line":26,"column":0},"end":{"line":26,"column":69}},"26":{"start":{"line":27,"column":0},"end":{"line":27,"column":35}},"27":{"start":{"line":28,"column":0},"end":{"line":28,"column":33}},"28":{"start":{"line":29,"column":0},"end":{"line":29,"column":3}},"30":{"start":{"line":31,"column":0},"end":{"line":31,"column":17}},"31":{"start":{"line":32,"column":0},"end":{"line":32,"column":25}},"32":{"start":{"line":33,"column":0},"end":{"line":33,"column":33}},"33":{"start":{"line":34,"column":0},"end":{"line":34,"column":70}},"34":{"start":{"line":35,"column":0},"end":{"line":35,"column":17}},"35":{"start":{"line":36,"column":0},"end":{"line":36,"column":3}},"37":{"start":{"line":38,"column":0},"end":{"line":38,"column":47}},"38":{"start":{"line":39,"column":0},"end":{"line":39,"column":23}},"39":{"start":{"line":40,"column":0},"end":{"line":40,"column":62}},"40":{"start":{"line":41,"column":0},"end":{"line":41,"column":5}},"41":{"start":{"line":42,"column":0},"end":{"line":42,"column":51}},"42":{"start":{"line":43,"column":0},"end":{"line":43,"column":49}},"43":{"start":{"line":44,"column":0},"end":{"line":44,"column":19}},"44":{"start":{"line":45,"column":0},"end":{"line":45,"column":7}},"45":{"start":{"line":46,"column":0},"end":{"line":46,"column":3}},"47":{"start":{"line":48,"column":0},"end":{"line":48,"column":16}},"48":{"start":{"line":49,"column":0},"end":{"line":49,"column":24}},"49":{"start":{"line":50,"column":0},"end":{"line":50,"column":39}},"50":{"start":{"line":51,"column":0},"end":{"line":51,"column":41}},"51":{"start":{"line":52,"column":0},"end":{"line":52,"column":33}},"52":{"start":{"line":53,"column":0},"end":{"line":53,"column":5}},"54":{"start":{"line":55,"column":0},"end":{"line":55,"column":41}},"55":{"start":{"line":56,"column":0},"end":{"line":56,"column":46}},"56":{"start":{"line":57,"column":0},"end":{"line":57,"column":33}},"57":{"start":{"line":58,"column":0},"end":{"line":58,"column":23}},"58":{"start":{"line":59,"column":0},"end":{"line":59,"column":5}},"60":{"start":{"line":61,"column":0},"end":{"line":61,"column":33}},"61":{"start":{"line":62,"column":0},"end":{"line":62,"column":33}},"62":{"start":{"line":63,"column":0},"end":{"line":63,"column":5}},"63":{"start":{"line":64,"column":0},"end":{"line":64,"column":3}},"65":{"start":{"line":66,"column":0},"end":{"line":66,"column":26}},"66":{"start":{"line":67,"column":0},"end":{"line":67,"column":60}},"67":{"start":{"line":68,"column":0},"end":{"line":68,"column":31}},"68":{"start":{"line":69,"column":0},"end":{"line":69,"column":5}},"69":{"start":{"line":70,"column":0},"end":{"line":70,"column":43}},"70":{"start":{"line":71,"column":0},"end":{"line":71,"column":40}},"71":{"start":{"line":72,"column":0},"end":{"line":72,"column":7}},"72":{"start":{"line":73,"column":0},"end":{"line":73,"column":3}},"74":{"start":{"line":75,"column":0},"end":{"line":75,"column":30}},"75":{"start":{"line":76,"column":0},"end":{"line":76,"column":29}},"76":{"start":{"line":77,"column":0},"end":{"line":77,"column":3}},"78":{"start":{"line":79,"column":0},"end":{"line":79,"column":29}},"79":{"start":{"line":80,"column":0},"end":{"line":80,"column":28}},"80":{"start":{"line":81,"column":0},"end":{"line":81,"column":3}},"82":{"start":{"line":83,"column":0},"end":{"line":83,"column":32}},"83":{"start":{"line":84,"column":0},"end":{"line":84,"column":27}},"84":{"start":{"line":85,"column":0},"end":{"line":85,"column":42}},"85":{"start":{"line":86,"column":0},"end":{"line":86,"column":63}},"86":{"start":{"line":87,"column":0},"end":{"line":87,"column":75}},"87":{"start":{"line":88,"column":0},"end":{"line":88,"column":26}},"88":{"start":{"line":89,"column":0},"end":{"line":89,"column":17}},"89":{"start":{"line":90,"column":0},"end":{"line":90,"column":3}},"91":{"start":{"line":92,"column":0},"end":{"line":92,"column":25}},"92":{"start":{"line":93,"column":0},"end":{"line":93,"column":11}},"93":{"start":{"line":94,"column":0},"end":{"line":94,"column":30}},"94":{"start":{"line":95,"column":0},"end":{"line":95,"column":22}},"95":{"start":{"line":96,"column":0},"end":{"line":96,"column":51}},"96":{"start":{"line":97,"column":0},"end":{"line":97,"column":22}},"97":{"start":{"line":98,"column":0},"end":{"line":98,"column":7}},"98":{"start":{"line":99,"column":0},"end":{"line":99,"column":39}},"99":{"start":{"line":100,"column":0},"end":{"line":100,"column":23}},"100":{"start":{"line":101,"column":0},"end":{"line":101,"column":25}},"101":{"start":{"line":102,"column":0},"end":{"line":102,"column":25}},"102":{"start":{"line":103,"column":0},"end":{"line":103,"column":5}},"103":{"start":{"line":104,"column":0},"end":{"line":104,"column":3}},"105":{"start":{"line":106,"column":0},"end":{"line":106,"column":108}},"106":{"start":{"line":107,"column":0},"end":{"line":107,"column":21}},"107":{"start":{"line":108,"column":0},"end":{"line":108,"column":13}},"108":{"start":{"line":109,"column":0},"end":{"line":109,"column":23}},"109":{"start":{"line":110,"column":0},"end":{"line":110,"column":30}},"110":{"start":{"line":111,"column":0},"end":{"line":111,"column":8}},"111":{"start":{"line":112,"column":0},"end":{"line":112,"column":23}},"112":{"start":{"line":113,"column":0},"end":{"line":113,"column":107}},"113":{"start":{"line":114,"column":0},"end":{"line":114,"column":30}},"114":{"start":{"line":115,"column":0},"end":{"line":115,"column":8}},"115":{"start":{"line":116,"column":0},"end":{"line":116,"column":6}},"116":{"start":{"line":117,"column":0},"end":{"line":117,"column":3}},"118":{"start":{"line":119,"column":0},"end":{"line":119,"column":34}},"119":{"start":{"line":120,"column":0},"end":{"line":120,"column":23}},"120":{"start":{"line":121,"column":0},"end":{"line":121,"column":24}},"121":{"start":{"line":122,"column":0},"end":{"line":122,"column":19}},"122":{"start":{"line":123,"column":0},"end":{"line":123,"column":5}},"123":{"start":{"line":124,"column":0},"end":{"line":124,"column":60}},"124":{"start":{"line":125,"column":0},"end":{"line":125,"column":33}},"125":{"start":{"line":126,"column":0},"end":{"line":126,"column":5}},"126":{"start":{"line":127,"column":0},"end":{"line":127,"column":3}},"128":{"start":{"line":129,"column":0},"end":{"line":129,"column":39}},"129":{"start":{"line":130,"column":0},"end":{"line":130,"column":50}},"130":{"start":{"line":131,"column":0},"end":{"line":131,"column":36}},"131":{"start":{"line":132,"column":0},"end":{"line":132,"column":16}},"132":{"start":{"line":133,"column":0},"end":{"line":133,"column":5}},"133":{"start":{"line":134,"column":0},"end":{"line":134,"column":3}},"134":{"start":{"line":135,"column":0},"end":{"line":135,"column":1}}},"s":{"12":1,"13":74,"14":74,"15":74,"16":74,"17":74,"18":74,"19":74,"20":74,"21":74,"23":74,"24":74,"25":74,"26":74,"27":74,"28":74,"30":74,"31":74,"32":74,"33":74,"34":74,"35":74,"37":74,"38":169,"39":1,"40":1,"41":168,"42":168,"43":168,"44":168,"45":169,"47":74,"48":68,"49":68,"50":63,"51":63,"52":63,"54":68,"55":68,"56":68,"57":3,"58":3,"60":68,"61":17,"62":17,"63":68,"65":74,"66":4,"67":1,"68":1,"69":3,"70":3,"71":3,"72":4,"74":74,"75":2,"76":2,"78":74,"79":2,"80":2,"82":74,"83":516,"84":516,"85":516,"86":516,"87":516,"88":516,"89":516,"91":74,"92":861,"93":861,"94":223,"95":223,"96":203,"97":861,"98":165,"99":165,"100":165,"101":165,"102":165,"103":861,"105":74,"106":165,"107":165,"108":146,"109":146,"110":146,"111":165,"112":17,"113":17,"114":17,"115":165,"116":165,"118":74,"119":163,"120":163,"121":103,"122":103,"123":163,"124":66,"125":66,"126":163,"128":74,"129":83,"130":83,"131":3,"132":3,"133":83,"134":74},"branchMap":{"0":{"type":"branch","line":13,"loc":{"start":{"line":13,"column":30},"end":{"line":135,"column":1}},"locations":[{"start":{"line":13,"column":30},"end":{"line":135,"column":1}}]},"1":{"type":"branch","line":24,"loc":{"start":{"line":24,"column":2},"end":{"line":29,"column":3}},"locations":[{"start":{"line":24,"column":2},"end":{"line":29,"column":3}}]},"2":{"type":"branch","line":26,"loc":{"start":{"line":26,"column":30},"end":{"line":26,"column":69}},"locations":[{"start":{"line":26,"column":30},"end":{"line":26,"column":69}}]},"3":{"type":"branch","line":31,"loc":{"start":{"line":31,"column":2},"end":{"line":36,"column":3}},"locations":[{"start":{"line":31,"column":2},"end":{"line":36,"column":3}}]},"4":{"type":"branch","line":34,"loc":{"start":{"line":34,"column":38},"end":{"line":34,"column":65}},"locations":[{"start":{"line":34,"column":38},"end":{"line":34,"column":65}}]},"5":{"type":"branch","line":38,"loc":{"start":{"line":38,"column":2},"end":{"line":46,"column":3}},"locations":[{"start":{"line":38,"column":2},"end":{"line":46,"column":3}}]},"6":{"type":"branch","line":39,"loc":{"start":{"line":39,"column":22},"end":{"line":41,"column":5}},"locations":[{"start":{"line":39,"column":22},"end":{"line":41,"column":5}}]},"7":{"type":"branch","line":41,"loc":{"start":{"line":41,"column":4},"end":{"line":45,"column":7}},"locations":[{"start":{"line":41,"column":4},"end":{"line":45,"column":7}}]},"8":{"type":"branch","line":42,"loc":{"start":{"line":42,"column":29},"end":{"line":45,"column":5}},"locations":[{"start":{"line":42,"column":29},"end":{"line":45,"column":5}}]},"9":{"type":"branch","line":48,"loc":{"start":{"line":48,"column":2},"end":{"line":64,"column":3}},"locations":[{"start":{"line":48,"column":2},"end":{"line":64,"column":3}}]},"10":{"type":"branch","line":50,"loc":{"start":{"line":50,"column":38},"end":{"line":53,"column":5}},"locations":[{"start":{"line":50,"column":38},"end":{"line":53,"column":5}}]},"11":{"type":"branch","line":57,"loc":{"start":{"line":57,"column":32},"end":{"line":59,"column":5}},"locations":[{"start":{"line":57,"column":32},"end":{"line":59,"column":5}}]},"12":{"type":"branch","line":61,"loc":{"start":{"line":61,"column":32},"end":{"line":63,"column":5}},"locations":[{"start":{"line":61,"column":32},"end":{"line":63,"column":5}}]},"13":{"type":"branch","line":66,"loc":{"start":{"line":66,"column":2},"end":{"line":73,"column":3}},"locations":[{"start":{"line":66,"column":2},"end":{"line":73,"column":3}}]},"14":{"type":"branch","line":67,"loc":{"start":{"line":67,"column":30},"end":{"line":67,"column":59}},"locations":[{"start":{"line":67,"column":30},"end":{"line":67,"column":59}}]},"15":{"type":"branch","line":67,"loc":{"start":{"line":67,"column":59},"end":{"line":69,"column":5}},"locations":[{"start":{"line":67,"column":59},"end":{"line":69,"column":5}}]},"16":{"type":"branch","line":69,"loc":{"start":{"line":69,"column":4},"end":{"line":72,"column":7}},"locations":[{"start":{"line":69,"column":4},"end":{"line":72,"column":7}}]},"17":{"type":"branch","line":70,"loc":{"start":{"line":70,"column":29},"end":{"line":72,"column":5}},"locations":[{"start":{"line":70,"column":29},"end":{"line":72,"column":5}}]},"18":{"type":"branch","line":75,"loc":{"start":{"line":75,"column":2},"end":{"line":77,"column":3}},"locations":[{"start":{"line":75,"column":2},"end":{"line":77,"column":3}}]},"19":{"type":"branch","line":79,"loc":{"start":{"line":79,"column":2},"end":{"line":81,"column":3}},"locations":[{"start":{"line":79,"column":2},"end":{"line":81,"column":3}}]},"20":{"type":"branch","line":83,"loc":{"start":{"line":83,"column":10},"end":{"line":90,"column":3}},"locations":[{"start":{"line":83,"column":10},"end":{"line":90,"column":3}}]},"21":{"type":"branch","line":92,"loc":{"start":{"line":92,"column":10},"end":{"line":104,"column":3}},"locations":[{"start":{"line":92,"column":10},"end":{"line":104,"column":3}}]},"22":{"type":"branch","line":94,"loc":{"start":{"line":94,"column":26},"end":{"line":95,"column":22}},"locations":[{"start":{"line":94,"column":26},"end":{"line":95,"column":22}}]},"23":{"type":"branch","line":95,"loc":{"start":{"line":95,"column":12},"end":{"line":96,"column":51}},"locations":[{"start":{"line":95,"column":12},"end":{"line":96,"column":51}}]},"24":{"type":"branch","line":96,"loc":{"start":{"line":96,"column":30},"end":{"line":97,"column":22}},"locations":[{"start":{"line":96,"column":30},"end":{"line":97,"column":22}}]},"25":{"type":"branch","line":98,"loc":{"start":{"line":98,"column":6},"end":{"line":103,"column":5}},"locations":[{"start":{"line":98,"column":6},"end":{"line":103,"column":5}}]},"26":{"type":"branch","line":106,"loc":{"start":{"line":106,"column":10},"end":{"line":117,"column":3}},"locations":[{"start":{"line":106,"column":10},"end":{"line":117,"column":3}}]},"27":{"type":"branch","line":108,"loc":{"start":{"line":108,"column":6},"end":{"line":111,"column":8}},"locations":[{"start":{"line":108,"column":6},"end":{"line":111,"column":8}}]},"28":{"type":"branch","line":112,"loc":{"start":{"line":112,"column":6},"end":{"line":115,"column":8}},"locations":[{"start":{"line":112,"column":6},"end":{"line":115,"column":8}}]},"29":{"type":"branch","line":119,"loc":{"start":{"line":119,"column":10},"end":{"line":127,"column":3}},"locations":[{"start":{"line":119,"column":10},"end":{"line":127,"column":3}}]},"30":{"type":"branch","line":121,"loc":{"start":{"line":121,"column":23},"end":{"line":123,"column":5}},"locations":[{"start":{"line":121,"column":23},"end":{"line":123,"column":5}}]},"31":{"type":"branch","line":124,"loc":{"start":{"line":124,"column":30},"end":{"line":124,"column":59}},"locations":[{"start":{"line":124,"column":30},"end":{"line":124,"column":59}}]},"32":{"type":"branch","line":124,"loc":{"start":{"line":124,"column":59},"end":{"line":126,"column":5}},"locations":[{"start":{"line":124,"column":59},"end":{"line":126,"column":5}}]},"33":{"type":"branch","line":129,"loc":{"start":{"line":129,"column":10},"end":{"line":134,"column":3}},"locations":[{"start":{"line":129,"column":10},"end":{"line":134,"column":3}}]},"34":{"type":"branch","line":131,"loc":{"start":{"line":131,"column":35},"end":{"line":133,"column":5}},"locations":[{"start":{"line":131,"column":35},"end":{"line":133,"column":5}}]}},"b":{"0":[74],"1":[74],"2":[1],"3":[74],"4":[516],"5":[169],"6":[1],"7":[168],"8":[168],"9":[68],"10":[63],"11":[3],"12":[17],"13":[4],"14":[3],"15":[1],"16":[3],"17":[3],"18":[2],"19":[2],"20":[516],"21":[861],"22":[223],"23":[223],"24":[203],"25":[165],"26":[165],"27":[146],"28":[17],"29":[163],"30":[103],"31":[138],"32":[66],"33":[83],"34":[3]},"fnMap":{"0":{"name":"<instance_members_initializer>","decl":{"start":{"line":13,"column":30},"end":{"line":135,"column":1}},"loc":{"start":{"line":13,"column":30},"end":{"line":135,"column":1}},"line":13},"1":{"name":"Executor","decl":{"start":{"line":24,"column":2},"end":{"line":29,"column":3}},"loc":{"start":{"line":24,"column":2},"end":{"line":29,"column":3}},"line":24},"2":{"name":"start","decl":{"start":{"line":31,"column":2},"end":{"line":36,"column":3}},"loc":{"start":{"line":31,"column":2},"end":{"line":36,"column":3}},"line":31},"3":{"name":"submit","decl":{"start":{"line":38,"column":2},"end":{"line":46,"column":3}},"loc":{"start":{"line":38,"column":2},"end":{"line":46,"column":3}},"line":38},"4":{"name":"stop","decl":{"start":{"line":48,"column":2},"end":{"line":64,"column":3}},"loc":{"start":{"line":48,"column":2},"end":{"line":64,"column":3}},"line":48},"5":{"name":"drain","decl":{"start":{"line":66,"column":2},"end":{"line":73,"column":3}},"loc":{"start":{"line":66,"column":2},"end":{"line":73,"column":3}},"line":66},"6":{"name":"get pendingCount","decl":{"start":{"line":75,"column":2},"end":{"line":77,"column":3}},"loc":{"start":{"line":75,"column":2},"end":{"line":77,"column":3}},"line":75},"7":{"name":"get activeCount","decl":{"start":{"line":79,"column":2},"end":{"line":81,"column":3}},"loc":{"start":{"line":79,"column":2},"end":{"line":81,"column":3}},"line":79},"8":{"name":"refillTokens","decl":{"start":{"line":83,"column":10},"end":{"line":90,"column":3}},"loc":{"start":{"line":83,"column":10},"end":{"line":90,"column":3}},"line":83},"9":{"name":"flush","decl":{"start":{"line":92,"column":10},"end":{"line":104,"column":3}},"loc":{"start":{"line":92,"column":10},"end":{"line":104,"column":3}},"line":92},"10":{"name":"runTask","decl":{"start":{"line":106,"column":10},"end":{"line":117,"column":3}},"loc":{"start":{"line":106,"column":10},"end":{"line":117,"column":3}},"line":106},"11":{"name":"onTaskComplete","decl":{"start":{"line":119,"column":10},"end":{"line":127,"column":3}},"loc":{"start":{"line":119,"column":10},"end":{"line":127,"column":3}},"line":119},"12":{"name":"resolveDrainWaiters","decl":{"start":{"line":129,"column":10},"end":{"line":134,"column":3}},"loc":{"start":{"line":129,"column":10},"end":{"line":134,"column":3}},"line":129}},"f":{"0":74,"1":74,"2":74,"3":169,"4":68,"5":4,"6":2,"7":2,"8":516,"9":861,"10":165,"11":163,"12":83}}
,"/home/anton/.zenflow/worktrees/modernize-and-improve-js-crawler-5859/src/request.ts": {"path":"/home/anton/.zenflow/worktrees/modernize-and-improve-js-crawler-5859/src/request.ts","all":false,"statementMap":{"0":{"start":{"line":1,"column":0},"end":{"line":1,"column":67}},"3":{"start":{"line":4,"column":0},"end":{"line":4,"column":25}},"4":{"start":{"line":5,"column":0},"end":{"line":5,"column":65}},"6":{"start":{"line":7,"column":0},"end":{"line":7,"column":43}},"7":{"start":{"line":8,"column":0},"end":{"line":8,"column":28}},"8":{"start":{"line":9,"column":0},"end":{"line":9,"column":45}},"9":{"start":{"line":10,"column":0},"end":{"line":10,"column":40}},"10":{"start":{"line":11,"column":0},"end":{"line":11,"column":3}},"11":{"start":{"line":12,"column":0},"end":{"line":12,"column":1}},"25":{"start":{"line":26,"column":0},"end":{"line":26,"column":83}},"26":{"start":{"line":27,"column":0},"end":{"line":27,"column":9}},"27":{"start":{"line":28,"column":0},"end":{"line":28,"column":8}},"28":{"start":{"line":29,"column":0},"end":{"line":29,"column":12}},"29":{"start":{"line":30,"column":0},"end":{"line":30,"column":14}},"30":{"start":{"line":31,"column":0},"end":{"line":31,"column":17}},"31":{"start":{"line":32,"column":0},"end":{"line":32,"column":27}},"32":{"start":{"line":33,"column":0},"end":{"line":33,"column":19}},"33":{"start":{"line":34,"column":0},"end":{"line":34,"column":22}},"34":{"start":{"line":35,"column":0},"end":{"line":35,"column":11}},"35":{"start":{"line":36,"column":0},"end":{"line":36,"column":15}},"36":{"start":{"line":37,"column":0},"end":{"line":37,"column":14}},"38":{"start":{"line":39,"column":0},"end":{"line":39,"column":49}},"39":{"start":{"line":40,"column":0},"end":{"line":40,"column":28}},"40":{"start":{"line":41,"column":0},"end":{"line":41,"column":21}},"41":{"start":{"line":42,"column":0},"end":{"line":42,"column":15}},"42":{"start":{"line":43,"column":0},"end":{"line":43,"column":4}},"44":{"start":{"line":45,"column":0},"end":{"line":45,"column":35}},"46":{"start":{"line":47,"column":0},"end":{"line":47,"column":59}},"47":{"start":{"line":48,"column":0},"end":{"line":48,"column":26}},"48":{"start":{"line":49,"column":0},"end":{"line":49,"column":73}},"49":{"start":{"line":50,"column":0},"end":{"line":50,"column":5}},"51":{"start":{"line":52,"column":0},"end":{"line":52,"column":9}},"52":{"start":{"line":53,"column":0},"end":{"line":53,"column":96}},"53":{"start":{"line":54,"column":0},"end":{"line":54,"column":19}},"54":{"start":{"line":55,"column":0},"end":{"line":55,"column":31}},"56":{"start":{"line":57,"column":0},"end":{"line":57,"column":89}},"57":{"start":{"line":58,"column":0},"end":{"line":58,"column":18}},"58":{"start":{"line":59,"column":0},"end":{"line":59,"column":7}},"60":{"start":{"line":61,"column":0},"end":{"line":61,"column":33}},"61":{"start":{"line":62,"column":0},"end":{"line":62,"column":40}},"62":{"start":{"line":63,"column":0},"end":{"line":63,"column":7}},"63":{"start":{"line":64,"column":0},"end":{"line":64,"column":5}},"64":{"start":{"line":65,"column":0},"end":{"line":65,"column":3}},"66":{"start":{"line":67,"column":0},"end":{"line":67,"column":19}},"67":{"start":{"line":68,"column":0},"end":{"line":68,"column":1}},"69":{"start":{"line":70,"column":0},"end":{"line":70,"column":36}},"70":{"start":{"line":71,"column":0},"end":{"line":71,"column":14}},"71":{"start":{"line":72,"column":0},"end":{"line":72,"column":34}},"72":{"start":{"line":73,"column":0},"end":{"line":73,"column":18}},"73":{"start":{"line":74,"column":0},"end":{"line":74,"column":23}},"74":{"start":{"line":75,"column":0},"end":{"line":75,"column":26}},"75":{"start":{"line":76,"column":0},"end":{"line":76,"column":26}},"76":{"start":{"line":77,"column":0},"end":{"line":77,"column":36}},"77":{"start":{"line":78,"column":0},"end":{"line":78,"column":23}},"79":{"start":{"line":80,"column":0},"end":{"line":80,"column":44}},"80":{"start":{"line":81,"column":0},"end":{"line":81,"column":55}},"81":{"start":{"line":82,"column":0},"end":{"line":82,"column":33}},"82":{"start":{"line":83,"column":0},"end":{"line":83,"column":48}},"83":{"start":{"line":84,"column":0},"end":{"line":84,"column":22}},"85":{"start":{"line":86,"column":0},"end":{"line":86,"column":54}},"86":{"start":{"line":87,"column":0},"end":{"line":87,"column":20}},"87":{"start":{"line":88,"column":0},"end":{"line":88,"column":14}},"88":{"start":{"line":89,"column":0},"end":{"line":89,"column":25}},"89":{"start":{"line":90,"column":0},"end":{"line":90,"column":29}},"90":{"start":{"line":91,"column":0},"end":{"line":91,"column":26}},"91":{"start":{"line":92,"column":0},"end":{"line":92,"column":44}},"92":{"start":{"line":93,"column":0},"end":{"line":93,"column":7}},"94":{"start":{"line":95,"column":0},"end":{"line":95,"column":57}},"95":{"start":{"line":96,"column":0},"end":{"line":96,"column":71}},"97":{"start":{"line":98,"column":0},"end":{"line":98,"column":33}},"99":{"start":{"line":100,"column":0},"end":{"line":100,"column":22}},"100":{"start":{"line":101,"column":0},"end":{"line":101,"column":16}},"101":{"start":{"line":102,"column":0},"end":{"line":102,"column":52}},"102":{"start":{"line":103,"column":0},"end":{"line":103,"column":32}},"103":{"start":{"line":104,"column":0},"end":{"line":104,"column":42}},"104":{"start":{"line":105,"column":0},"end":{"line":105,"column":26}},"105":{"start":{"line":106,"column":0},"end":{"line":106,"column":23}},"106":{"start":{"line":107,"column":0},"end":{"line":107,"column":10}},"107":{"start":{"line":108,"column":0},"end":{"line":108,"column":7}},"109":{"start":{"line":110,"column":0},"end":{"line":110,"column":36}},"110":{"start":{"line":111,"column":0},"end":{"line":111,"column":54}},"111":{"start":{"line":112,"column":0},"end":{"line":112,"column":15}},"112":{"start":{"line":113,"column":0},"end":{"line":113,"column":5}},"114":{"start":{"line":115,"column":0},"end":{"line":115,"column":64}},"116":{"start":{"line":117,"column":0},"end":{"line":117,"column":12}},"117":{"start":{"line":118,"column":0},"end":{"line":118,"column":48}},"118":{"start":{"line":119,"column":0},"end":{"line":119,"column":11}},"119":{"start":{"line":120,"column":0},"end":{"line":120,"column":38}},"120":{"start":{"line":121,"column":0},"end":{"line":121,"column":22}},"121":{"start":{"line":122,"column":0},"end":{"line":122,"column":19}},"122":{"start":{"line":123,"column":0},"end":{"line":123,"column":6}},"123":{"start":{"line":124,"column":0},"end":{"line":124,"column":3}},"125":{"start":{"line":126,"column":0},"end":{"line":126,"column":49}},"126":{"start":{"line":127,"column":0},"end":{"line":127,"column":1}},"128":{"start":{"line":129,"column":0},"end":{"line":129,"column":24}},"129":{"start":{"line":130,"column":0},"end":{"line":130,"column":57}},"130":{"start":{"line":131,"column":0},"end":{"line":131,"column":27}},"131":{"start":{"line":132,"column":0},"end":{"line":132,"column":44}},"132":{"start":{"line":133,"column":0},"end":{"line":133,"column":55}},"133":{"start":{"line":134,"column":0},"end":{"line":134,"column":38}},"134":{"start":{"line":135,"column":0},"end":{"line":135,"column":66}},"135":{"start":{"line":136,"column":0},"end":{"line":136,"column":3}},"136":{"start":{"line":137,"column":0},"end":{"line":137,"column":16}},"137":{"start":{"line":138,"column":0},"end":{"line":138,"column":1}},"139":{"start":{"line":140,"column":0},"end":{"line":140,"column":65}},"140":{"start":{"line":141,"column":0},"end":{"line":141,"column":43}},"141":{"start":{"line":142,"column":0},"end":{"line":142,"column":26}},"142":{"start":{"line":143,"column":0},"end":{"line":143,"column":75}},"143":{"start":{"line":144,"column":0},"end":{"line":144,"column":13}},"144":{"start":{"line":145,"column":0},"end":{"line":145,"column":5}},"146":{"start":{"line":147,"column":0},"end":{"line":147,"column":42}},"148":{"start":{"line":149,"column":0},"end":{"line":149,"column":45}},"149":{"start":{"line":150,"column":0},"end":{"line":150,"column":26}},"150":{"start":{"line":151,"column":0},"end":{"line":151,"column":75}},"151":{"start":{"line":152,"column":0},"end":{"line":152,"column":23}},"152":{"start":{"line":153,"column":0},"end":{"line":153,"column":5}},"153":{"start":{"line":154,"column":0},"end":{"line":154,"column":1}}},"s":{"0":1,"3":1,"4":1,"6":1,"7":1,"8":1,"9":1,"10":1,"11":1,"25":82,"26":82,"27":82,"28":82,"29":82,"30":82,"31":82,"32":82,"33":82,"34":82,"35":82,"36":82,"38":82,"39":82,"40":82,"41":82,"42":82,"44":82,"46":82,"47":89,"48":1,"49":1,"51":88,"52":88,"53":89,"54":13,"56":13,"57":2,"58":2,"60":13,"61":7,"62":7,"63":13,"64":89,"66":4,"67":4,"69":88,"70":88,"71":88,"72":88,"73":88,"74":88,"75":88,"76":88,"77":88,"79":88,"80":108,"81":108,"82":76,"83":32,"85":108,"86":108,"87":108,"88":108,"89":108,"90":108,"91":108,"92":108,"94":108,"95":22,"97":22,"99":22,"100":1,"101":1,"102":1,"103":1,"104":1,"105":1,"106":1,"107":1,"109":21,"110":21,"111":21,"112":21,"114":74,"116":74,"117":74,"118":74,"119":74,"120":74,"121":74,"122":74,"123":74,"125":1,"126":1,"128":75,"129":75,"130":75,"131":75,"132":75,"133":618,"134":618,"135":618,"136":75,"137":75,"139":7,"140":7,"141":7,"142":0,"143":0,"144":0,"146":7,"148":7,"149":0,"150":0,"151":7,"152":7,"153":7},"branchMap":{"0":{"type":"branch","line":8,"loc":{"start":{"line":8,"column":2},"end":{"line":11,"column":3}},"locations":[{"start":{"line":8,"column":2},"end":{"line":11,"column":3}}]},"1":{"type":"branch","line":26,"loc":{"start":{"line":26,"column":0},"end":{"line":68,"column":1}},"locations":[{"start":{"line":26,"column":0},"end":{"line":68,"column":1}}]},"2":{"type":"branch","line":47,"loc":{"start":{"line":47,"column":58},"end":{"line":65,"column":3}},"locations":[{"start":{"line":47,"column":58},"end":{"line":65,"column":3}}]},"3":{"type":"branch","line":48,"loc":{"start":{"line":48,"column":8},"end":{"line":48,"column":25}},"locations":[{"start":{"line":48,"column":8},"end":{"line":48,"column":25}}]},"4":{"type":"branch","line":48,"loc":{"start":{"line":48,"column":25},"end":{"line":50,"column":5}},"locations":[{"start":{"line":48,"column":25},"end":{"line":50,"column":5}}]},"5":{"type":"branch","line":50,"loc":{"start":{"line":50,"column":4},"end":{"line":54,"column":13}},"locations":[{"start":{"line":50,"column":4},"end":{"line":54,"column":13}}]},"6":{"type":"branch","line":54,"loc":{"start":{"line":54,"column":4},"end":{"line":64,"column":5}},"locations":[{"start":{"line":54,"column":4},"end":{"line":64,"column":5}}]},"7":{"type":"branch","line":57,"loc":{"start":{"line":57,"column":34},"end":{"line":57,"column":88}},"locations":[{"start":{"line":57,"column":34},"end":{"line":57,"column":88}}]},"8":{"type":"branch","line":57,"loc":{"start":{"line":57,"column":88},"end":{"line":59,"column":7}},"locations":[{"start":{"line":57,"column":88},"end":{"line":59,"column":7}}]},"9":{"type":"branch","line":59,"loc":{"start":{"line":59,"column":6},"end":{"line":61,"column":32}},"locations":[{"start":{"line":59,"column":6},"end":{"line":61,"column":32}}]},"10":{"type":"branch","line":61,"loc":{"start":{"line":61,"column":32},"end":{"line":63,"column":7}},"locations":[{"start":{"line":61,"column":32},"end":{"line":63,"column":7}}]},"11":{"type":"branch","line":65,"loc":{"start":{"line":65,"column":2},"end":{"line":68,"column":1}},"locations":[{"start":{"line":65,"column":2},"end":{"line":68,"column":1}}]},"12":{"type":"branch","line":70,"loc":{"start":{"line":70,"column":0},"end":{"line":127,"column":1}},"locations":[{"start":{"line":70,"column":0},"end":{"line":127,"column":1}}]},"13":{"type":"branch","line":80,"loc":{"start":{"line":80,"column":43},"end":{"line":124,"column":3}},"locations":[{"start":{"line":80,"column":43},"end":{"line":124,"column":3}}]},"14":{"type":"branch","line":82,"loc":{"start":{"line":82,"column":27},"end":{"line":83,"column":48}},"locations":[{"start":{"line":82,"column":27},"end":{"line":83,"column":48}}]},"15":{"type":"branch","line":83,"loc":{"start":{"line":83,"column":47},"end":{"line":84,"column":22}},"locations":[{"start":{"line":83,"column":47},"end":{"line":84,"column":22}}]},"16":{"type":"branch","line":92,"loc":{"start":{"line":92,"column":10},"end":{"line":92,"column":40}},"locations":[{"start":{"line":92,"column":10},"end":{"line":92,"column":40}}]},"17":{"type":"branch","line":92,"loc":{"start":{"line":92,"column":36},"end":{"line":92,"column":44}},"locations":[{"start":{"line":92,"column":36},"end":{"line":92,"column":44}}]},"18":{"type":"branch","line":93,"loc":{"start":{"line":93,"column":5},"end":{"line":95,"column":56}},"locations":[{"start":{"line":93,"column":5},"end":{"line":95,"column":56}}]},"19":{"type":"branch","line":95,"loc":{"start":{"line":95,"column":56},"end":{"line":113,"column":5}},"locations":[{"start":{"line":95,"column":56},"end":{"line":113,"column":5}}]},"20":{"type":"branch","line":100,"loc":{"start":{"line":100,"column":21},"end":{"line":108,"column":7}},"locations":[{"start":{"line":100,"column":21},"end":{"line":108,"column":7}}]},"21":{"type":"branch","line":108,"loc":{"start":{"line":108,"column":6},"end":{"line":113,"column":5}},"locations":[{"start":{"line":108,"column":6},"end":{"line":113,"column":5}}]},"22":{"type":"branch","line":113,"loc":{"start":{"line":113,"column":4},"end":{"line":124,"column":3}},"locations":[{"start":{"line":113,"column":4},"end":{"line":124,"column":3}}]},"23":{"type":"branch","line":124,"loc":{"start":{"line":124,"column":2},"end":{"line":127,"column":1}},"locations":[{"start":{"line":124,"column":2},"end":{"line":127,"column":1}}]},"24":{"type":"branch","line":129,"loc":{"start":{"line":129,"column":0},"end":{"line":138,"column":1}},"locations":[{"start":{"line":129,"column":0},"end":{"line":138,"column":1}}]},"25":{"type":"branch","line":133,"loc":{"start":{"line":133,"column":54},"end":{"line":136,"column":3}},"locations":[{"start":{"line":133,"column":54},"end":{"line":136,"column":3}}]},"26":{"type":"branch","line":134,"loc":{"start":{"line":134,"column":29},"end":{"line":134,"column":38}},"locations":[{"start":{"line":134,"column":29},"end":{"line":134,"column":38}}]},"27":{"type":"branch","line":135,"loc":{"start":{"line":135,"column":37},"end":{"line":135,"column":60}},"locations":[{"start":{"line":135,"column":37},"end":{"line":135,"colu
[...]
54":{"start":{"line":55,"column":0},"end":{"line":55,"column":94}},"55":{"start":{"line":56,"column":0},"end":{"line":56,"column":45}},"56":{"start":{"line":57,"column":0},"end":{"line":57,"column":9}},"57":{"start":{"line":58,"column":0},"end":{"line":58,"column":55}},"58":{"start":{"line":59,"column":0},"end":{"line":59,"column":22}},"59":{"start":{"line":60,"column":0},"end":{"line":60,"column":43}},"60":{"start":{"line":61,"column":0},"end":{"line":61,"column":50}},"61":{"start":{"line":62,"column":0},"end":{"line":62,"column":68}},"62":{"start":{"line":63,"column":0},"end":{"line":63,"column":9}},"64":{"start":{"line":65,"column":0},"end":{"line":65,"column":40}},"65":{"start":{"line":66,"column":0},"end":{"line":66,"column":35}},"66":{"start":{"line":67,"column":0},"end":{"line":67,"column":20}},"67":{"start":{"line":68,"column":0},"end":{"line":68,"column":7}},"69":{"start":{"line":70,"column":0},"end":{"line":70,"column":46}},"70":{"start":{"line":71,"column":0},"end":{"line":71,"column":43}},"71":{"start":{"line":72,"column":0},"end":{"line":72,"column":13}},"72":{"start":{"line":73,"column":0},"end":{"line":73,"column":18}},"73":{"start":{"line":74,"column":0},"end":{"line":74,"column":5}},"74":{"start":{"line":75,"column":0},"end":{"line":75,"column":3}},"75":{"start":{"line":76,"column":0},"end":{"line":76,"column":1}}},"s":{"0":1,"8":1,"9":14,"10":14,"11":14,"12":14,"14":14,"15":14,"16":14,"17":14,"19":14,"20":23,"21":23,"22":23,"23":23,"24":23,"26":14,"27":1,"28":1,"29":1,"31":14,"32":23,"33":5,"34":5,"36":23,"37":2,"38":2,"40":16,"41":16,"43":16,"44":16,"45":21,"46":14,"47":14,"48":16,"49":16,"50":16,"51":16,"52":23,"54":14,"55":16,"56":16,"57":16,"58":16,"59":16,"60":16,"61":16,"62":16,"64":16,"65":1,"66":1,"67":1,"69":14,"70":14,"71":16,"72":1,"73":1,"74":16,"75":14},"branchMap":{"0":{"type":"branch","line":9,"loc":{"start":{"line":9,"column":25},"end":{"line":76,"column":1}},"locations":[{"start":{"line":9,"column":25},"end":{"line":76,"column":1}}]},"1":{"type":"branch","line":15,"loc":{"start":{"line":15,"column":2},"end":{"line":18,"column":3}},"locations":[{"start":{"line":15,"column":2},"end":{"line":18,"column":3}}]},"2":{"type":"branch","line":20,"loc":{"start":{"line":20,"column":2},"end":{"line":25,"column":3}},"locations":[{"start":{"line":20,"column":2},"end":{"line":25,"column":3}}]},"3":{"type":"branch","line":23,"loc":{"start":{"line":23,"column":16},"end":{"line":23,"column":28}},"locations":[{"start":{"line":23,"column":16},"end":{"line":23,"column":28}}]},"4":{"type":"branch","line":23,"loc":{"start":{"line":23,"column":23},"end":{"line":24,"column":51}},"locations":[{"start":{"line":23,"column":23},"end":{"line":24,"column":51}}]},"5":{"type":"branch","line":24,"loc":{"start":{"line":24,"column":46},"end":{"line":24,"column":56}},"locations":[{"start":{"line":24,"column":46},"end":{"line":24,"column":56}}]},"6":{"type":"branch","line":27,"loc":{"start":{"line":27,"column":2},"end":{"line":30,"column":3}},"locations":[{"start":{"line":27,"column":2},"end":{"line":30,"column":3}}]},"7":{"type":"branch","line":32,"loc":{"start":{"line":32,"column":2},"end":{"line":53,"column":3}},"locations":[{"start":{"line":32,"column":2},"end":{"line":53,"column":3}}]},"8":{"type":"branch","line":33,"loc":{"start":{"line":33,"column":32},"end":{"line":35,"column":5}},"locations":[{"start":{"line":33,"column":32},"end":{"line":35,"column":5}}]},"9":{"type":"branch","line":35,"loc":{"start":{"line":35,"column":4},"end":{"line":37,"column":34}},"locations":[{"start":{"line":35,"column":4},"end":{"line":37,"column":34}}]},"10":{"type":"branch","line":37,"loc":{"start":{"line":37,"column":34},"end":{"line":39,"column":5}},"locations":[{"start":{"line":37,"column":34},"end":{"line":39,"column":5}}]},"11":{"type":"branch","line":39,"loc":{"start":{"line":39,"column":4},"end":{"line":52,"column":5}},"locations":[{"start":{"line":39,"column":4},"end":{"line":52,"column":5}}]},"12":{"type":"branch","line":39,"loc":{"start":{"line":39,"column":4},"end":{"line":46,"column":17}},"locations":[{"start":{"line":39,"column":4},"end":{"line":46,"column":17}}]},"13":{"type":"branch","line":46,"loc":{"start":{"line":46,"column":17},"end":{"line":48,"column":7}},"locations":[{"start":{"line":46,"column":17},"end":{"line":48,"column":7}}]},"14":{"type":"branch","line":48,"loc":{"start":{"line":48,"column":6},"end":{"line":52,"column":5}},"locations":[{"start":{"line":48,"column":6},"end":{"line":52,"column":5}}]},"15":{"type":"branch","line":55,"loc":{"start":{"line":55,"column":2},"end":{"line":75,"column":3}},"locations":[{"start":{"line":55,"column":2},"end":{"line":75,"column":3}}]},"16":{"type":"branch","line":62,"loc":{"start":{"line":62,"column":17},"end":{"line":62,"column":64}},"locations":[{"start":{"line":62,"column":17},"end":{"line":62,"column":64}}]},"17":{"type":"branch","line":62,"loc":{"start":{"line":62,"column":60},"end":{"line":62,"column":68}},"locations":[{"start":{"line":62,"column":60},"end":{"line":62,"column":68}}]},"18":{"type":"branch","line":63,"loc":{"start":{"line":63,"column":7},"end":{"line":65,"column":39}},"locations":[{"start":{"line":63,"column":7},"end":{"line":65,"column":39}}]},"19":{"type":"branch","line":65,"loc":{"start":{"line":65,"column":39},"end":{"line":68,"column":7}},"locations":[{"start":{"line":65,"column":39},"end":{"line":68,"column":7}}]},"20":{"type":"branch","line":68,"loc":{"start":{"line":68,"column":6},"end":{"line":72,"column":12}},"locations":[{"start":{"line":68,"column":6},"end":{"line":72,"column":12}}]},"21":{"type":"branch","line":72,"loc":{"start":{"line":72,"column":4},"end":{"line":74,"column":5}},"locations":[{"start":{"line":72,"column":4},"end":{"line":74,"column":5}}]}},"b":{"0":[14],"1":[14],"2":[23],"3":[2],"4":[21],"5":[0],"6":[1],"7":[23],"8":[5],"9":[18],"10":[2],"11":[21],"12":[16],"13":[14],"14":[16],"15":[16],"16":[15],"17":[1],"18":[15],"19":[1],"20":[14],"21":[1]},"fnMap":{"0":{"name":"<instance_members_initializer>","decl":{"start":{"line":9,"column":25},"end":{"line":76,"column":1}},"loc":{"start":{"line":9,"column":25},"end":{"line":76,"column":1}},"line":9},"1":{"name":"RobotsCache","decl":{"start":{"line":15,"column":2},"end":{"line":18,"column":3}},"loc":{"start":{"line":15,"column":2},"end":{"line":18,"column":3}},"line":15},"2":{"name":"isAllowed","decl":{"start":{"line":20,"column":2},"end":{"line":25,"column":3}},"loc":{"start":{"line":20,"column":2},"end":{"line":25,"column":3}},"line":20},"3":{"name":"clear","decl":{"start":{"line":27,"column":2},"end":{"line":30,"column":3}},"loc":{"start":{"line":27,"column":2},"end":{"line":30,"column":3}},"line":27},"4":{"name":"getRobots","decl":{"start":{"line":32,"column":2},"end":{"line":53,"column":3}},"loc":{"start":{"line":32,"column":2},"end":{"line":53,"column":3}},"line":32},"5":{"name":"fetchRobots","decl":{"start":{"line":55,"column":2},"end":{"line":75,"column":3}},"loc":{"start":{"line":55,"column":2},"end":{"line":75,"column":3}},"line":55}},"f":{"0":14,"1":14,"2":23,"3":1,"4":23,"5":16}}
,"/home/anton/.zenflow/worktrees/modernize-and-improve-js-crawler-5859/src/state.ts": {"path":"/home/anton/.zenflow/worktrees/modernize-and-improve-js-crawler-5859/src/state.ts","all":false,"statementMap":{"4":{"start":{"line":5,"column":0},"end":{"line":5,"column":64}},"6":{"start":{"line":7,"column":0},"end":{"line":7,"column":28}},"11":{"start":{"line":12,"column":0},"end":{"line":12,"column":27}},"17":{"start":{"line":18,"column":0},"end":{"line":18,"column":27}},"22":{"start":{"line":23,"column":0},"end":{"line":23,"column":32}},"28":{"start":{"line":29,"column":0},"end":{"line":29,"column":23}},"30":{"start":{"line":31,"column":0},"end":{"line":31,"column":42}},"32":{"start":{"line":33,"column":0},"end":{"line":33,"column":48}},"33":{"start":{"line":34,"column":0},"end":{"line":34,"column":31}},"34":{"start":{"line":35,"column":0},"end":{"line":35,"column":33}},"35":{"start":{"line":36,"column":0},"end":{"line":36,"column":33}},"36":{"start":{"line":37,"column":0},"end":{"line":37,"column":38}},"37":{"start":{"line":38,"column":0},"end":{"line":38,"column":26}},"38":{"start":{"line":39,"column":0},"end":{"line":39,"column":3}},"40":{"start":{"line":41,"column":0},"end":{"line":41,"column":17}},"41":{"start":{"line":42,"column":0},"end":{"line":42,"column":29}},"42":{"start":{"line":43,"column":0},"end":{"line":43,"column":29}},"43":{"start":{"line":44,"column":0},"end":{"line":44,"column":34}},"44":{"start":{"line":45,"column":0},"end":{"line":45,"column":26}},"45":{"start":{"line":46,"column":0},"end":{"line":46,"column":16}},"46":{"start":{"line":47,"column":0},"end":{"line":47,"column":3}},"48":{"start":{"line":49,"column":0},"end":{"line":49,"column":38}},"49":{"start":{"line":50,"column":0},"end":{"line":50,"column":28}},"50":{"start":{"line":51,"column":0},"end":{"line":51,"column":42}},"51":{"start":{"line":52,"column":0},"end":{"line":52,"column":37}},"52":{"start":{"line":53,"column":0},"end":{"line":53,"column":26}},"53":{"start":{"line":54,"column":0},"end":{"line":54,"column":5}},"54":{"start":{"line":55,"column":0},"end":{"line":55,"column":3}},"56":{"start":{"line":57,"column":0},"end":{"line":57,"column":40}},"57":{"start":{"line":58,"column":0},"end":{"line":58,"column":56}},"58":{"start":{"line":59,"column":0},"end":{"line":59,"column":3}},"60":{"start":{"line":61,"column":0},"end":{"line":61,"column":45}},"61":{"start":{"line":62,"column":0},"end":{"line":62,"column":29}},"62":{"start":{"line":63,"column":0},"end":{"line":63,"column":46}},"63":{"start":{"line":64,"column":0},"end":{"line":64,"column":5}},"64":{"start":{"line":65,"column":0},"end":{"line":65,"column":3}},"66":{"start":{"line":67,"column":0},"end":{"line":67,"column":38}},"67":{"start":{"line":68,"column":0},"end":{"line":68,"column":51}},"68":{"start":{"line":69,"column":0},"end":{"line":69,"column":3}},"70":{"start":{"line":71,"column":0},"end":{"line":71,"column":41}},"71":{"start":{"line":72,"column":0},"end":{"line":72,"column":28}},"72":{"start":{"line":73,"column":0},"end":{"line":73,"column":30}},"73":{"start":{"line":74,"column":0},"end":{"line":74,"column":30}},"74":{"start":{"line":75,"column":0},"end":{"line":75,"column":3}},"76":{"start":{"line":77,"column":0},"end":{"line":77,"column":40}},"77":{"start":{"line":78,"column":0},"end":{"line":78,"column":28}},"78":{"start":{"line":79,"column":0},"end":{"line":79,"column":30}},"79":{"start":{"line":80,"column":0},"end":{"line":80,"column":46}},"80":{"start":{"line":81,"column":0},"end":{"line":81,"column":28}},"81":{"start":{"line":82,"column":0},"end":{"line":82,"column":7}},"82":{"start":{"line":83,"column":0},"end":{"line":83,"column":5}},"83":{"start":{"line":84,"column":0},"end":{"line":84,"column":33}},"84":{"start":{"line":85,"column":0},"end":{"line":85,"column":28}},"85":{"start":{"line":86,"column":0},"end":{"line":86,"column":63}},"86":{"start":{"line":87,"column":0},"end":{"line":87,"column":5}},"87":{"start":{"line":88,"column":0},"end":{"line":88,"column":3}},"89":{"start":{"line":90,"column":0},"end":{"line":90,"column":25}},"90":{"start":{"line":91,"column":0},"end":{"line":91,"column":71}},"91":{"start":{"line":92,"column":0},"end":{"line":92,"column":3}},"93":{"start":{"line":94,"column":0},"end":{"line":94,"column":62}},"94":{"start":{"line":95,"column":0},"end":{"line":95,"column":12}},"95":{"start":{"line":96,"column":0},"end":{"line":96,"column":41}},"96":{"start":{"line":97,"column":0},"end":{"line":97,"column":41}},"97":{"start":{"line":98,"column":0},"end":{"line":98,"column":6}},"98":{"start":{"line":99,"column":0},"end":{"line":99,"column":3}},"100":{"start":{"line":101,"column":0},"end":{"line":101,"column":73}},"101":{"start":{"line":102,"column":0},"end":{"line":102,"column":17}},"102":{"start":{"line":103,"column":0},"end":{"line":103,"column":41}},"103":{"start":{"line":104,"column":0},"end":{"line":104,"column":32}},"104":{"start":{"line":105,"column":0},"end":{"line":105,"column":5}},"105":{"start":{"line":106,"column":0},"end":{"line":106,"column":41}},"106":{"start":{"line":107,"column":0},"end":{"line":107,"column":32}},"107":{"start":{"line":108,"column":0},"end":{"line":108,"column":5}},"108":{"start":{"line":109,"column":0},"end":{"line":109,"column":3}},"109":{"start":{"line":110,"column":0},"end":{"line":110,"column":1}}},"s":{"4":1,"6":1,"11":94,"17":94,"22":94,"28":94,"30":94,"32":94,"33":94,"34":94,"35":94,"36":94,"37":94,"38":94,"40":94,"41":8,"42":8,"43":8,"44":8,"45":8,"46":8,"48":94,"49":139,"50":139,"51":137,"52":137,"53":137,"54":139,"56":94,"57":130,"58":130,"60":94,"61":112,"62":126,"63":126,"64":112,"66":94,"67":371,"68":371,"70":94,"71":114,"72":114,"73":114,"74":114,"76":94,"77":134,"78":133,"79":133,"80":123,"81":123,"82":133,"83":134,"84":69,"85":69,"86":69,"87":134,"89":94,"90":25,"91":25,"93":94,"94":4,"95":4,"96":4,"97":4,"98":4,"100":94,"101":5,"102":5,"103":9,"104":9,"105":5,"106":7,"107":7,"108":5,"109":94},"branchMap":{"0":{"type":"branch","line":5,"loc":{"start":{"line":5,"column":21},"end":{"line":5,"column":64}},"locations":[{"start":{"line":5,"column":21},"end":{"line":5,"column":64}}]},"1":{"type":"branch","line":7,"loc":{"start":{"line":7,"column":27},"end":{"line":110,"column":1}},"locations":[{"start":{"line":7,"column":27},"end":{"line":110,"column":1}}]},"2":{"type":"branch","line":33,"loc":{"start":{"line":33,"column":2},"end":{"line":39,"column":3}},"locations":[{"start":{"line":33,"column":2},"end":{"line":39,"column":3}}]},"3":{"type":"branch","line":41,"loc":{"start":{"line":41,"column":2},"end":{"line":47,"column":3}},"locations":[{"start":{"line":41,"column":2},"end":{"line":47,"column":3}}]},"4":{"type":"branch","line":49,"loc":{"start":{"line":49,"column":2},"end":{"line":55,"column":3}},"locations":[{"start":{"line":49,"column":2},"end":{"line":55,"column":3}}]},"5":{"type":"branch","line":51,"loc":{"start":{"line":51,"column":41},"end":{"line":54,"column":5}},"locations":[{"start":{"line":51,"column":41},"end":{"line":54,"column":5}}]},"6":{"type":"branch","line":57,"loc":{"start":{"line":57,"column":2},"end":{"line":59,"column":3}},"locations":[{"start":{"line":57,"column":2},"end":{"line":59,"column":3}}]},"7":{"type":"branch","line":61,"loc":{"start":{"line":61,"column":2},"end":{"line":65,"column":3}},"locations":[{"start":{"line":61,"column":2},"end":{"line":65,"column":3}}]},"8":{"type":"branch","line":62,"loc":{"start":{"line":62,"column":28},"end":{"line":64,"column":5}},"locations":[{"start":{"line":62,"column":28},"end":{"line":64,"column":5}}]},"9":{"type":"branch","line":67,"loc":{"start":{"line":67,"column":2},"end":{"line":69,"column":3}},"locations":[{"start":{"line":67,"column":2},"end":{"line":69,"column":3}}]},"10":{"type":"branch","line":71,"loc":{"start":{"line":71,"column":2},"end":{"line":75,"column":3}},"locations":[{"start":{"line":71,"column":2},"end":{"line":75,"column":3}}]},"11":{"type":"branch","line":77,"loc":{"start":{"line":77,"column":2},"end":{"line":88,"column":3}},"locations":[{"start":{"line":77,"column":2},"end":{"line":88,"column":3}}]},"12":{"type":"branch","line":78,"loc":{"start":{"line":78,"column":27},"end":{"line":83,"column":5}},"locations":[{"start":{"line":78,"column":27},"end":{"line":83,"column":5}}]},"13":{"type":"branch","line":80,"loc":{"start":{"line":80,"column":45},"end":{"line":82,"column":7}},"locations":[{"start":{"line":80,"column":45},"end":{"line":82,"column":7}}]},"14":{"type":"branch","line":84,"loc":{"start":{"line":84,"column":32},"end":{"line":87,"column":5}},"locations":[{"start":{"line":84,"column":32},"end":{"line":87,"column":5}}]},"15":{"type":"branch","line":90,"loc":{"start":{"line":90,"column":2},"end":{"line":92,"column":3}},"locations":[{"start":{"line":90,"column":2},"end":{"line":92,"column":3}}]},"16":{"type":"branch","line":91,"loc":{"start":{"line":91,"column":33},"end":{"line":91,"column":71}},"locations":[{"start":{"line":91,"column":33},"end":{"line":91,"column":71}}]},"17":{"type":"branch","line":94,"loc":{"start":{"line":94,"column":2},"end":{"line":99,"column":3}},"locations":[{"start":{"line":94,"column":2},"end":{"line":99,"column":3}}]},"18":{"type":"branch","line":101,"loc":{"start":{"line":101,"column":2},"end":{"line":109,"column":3}},"locations":[{"start":{"line":101,"column":2},"end":{"line":109,"column":3}}]},"19":{"type":"branch","line":103,"loc":{"start":{"line":103,"column":40},"end":{"line":105,"column":5}},"locations":[{"start":{"line":103,"column":40},"end":{"line":105,"column":5}}]},"20":{"type":"branch","line":106,"loc":{"start":{"line":106,"column":40},"end":{"line":108,"column":5}},"locations":[{"start":{"line":106,"column":40},"end":{"line":108,"column":5}}]}},"b":{"0":[1013],"1":[94],"2":[94],"3":[8],"4":[139],"5":[137],"6":[130],"7":[112],"8":[126],"9":[371],"10":[114],"11":[134],"12":[133],"13":[123],"14":[69],"15":[25],"16":[6],"17":[4],"18":[5],"19":[9],"20":[7]},"fnMap":{"0":{"name":"normalizeUrl","decl":{"start":{"line":5,"column":21},"end":{"line":5,"column":64}},"loc":{"start":{"line":5,"column":21},"end":{"line":5,"column":64}},"line":5},"1":{"name":"<instance_members_initializer>","decl":{"start":{"line":7,"column":27},"end":{"line":110,"column":1}},"loc":{"start":{"line":7,"column":27},"end":{"line":110,"column":1}},"line":7},"2":{"name":"State","decl":{"start":{"line":33,"column":2},"end":{"line":39,"column":3}},"loc":{"start":{"line":33,"column":2},"end":{"line":39,"column":3}},"line":33},"3":{"name":"clear","decl":{"start":{"line":41,"column":2},"end":{"line":47,"column":3}},"loc":{"start":{"line":41,"column":2},"end":{"line":47,"column":3}},"line":41},"4":{"name":"startedCrawling","decl":{"start":{"line":49,"column":2},"end":{"line":55,"column":3}},"loc":{"start":{"line":49,"column":2},"end":{"line":55,"column":3}},"line":49},"5":{"name":"isBeingCrawled","decl":{"start":{"line":57,"column":2},"end":{"line":59,"column":3}},"loc":{"start":{"line":57,"column":2},"end":{"line":59,"column":3}},"line":57},"6":{"name":"rememberVisitedUrls","decl":{"start":{"line":61,"column":2},"end":{"line":65,"column":3}},"loc":{"start":{"line":61,"column":2},"end":{"line":65,"column":3}},"line":61},"7":{"name":"isVisitedUrl","decl":{"start":{"line":67,"column":2},"end":{"line":69,"column":3}},"loc":{"start":{"line":67,"column":2},"end":{"line":69,"column":3}},"line":67},"8":{"name":"rememberCrawledUrl","decl":{"start":{"line":71,"column":2},"end":{"line":75,"column":3}},"loc":{"start":{"line":71,"column":2},"end":{"line":75,"column":3}},"line":71},"9":{"name":"finishedCrawling","decl":{"start":{"line":77,"column":2},"end":{"line":88,"column":3}},"loc":{"start":{"line":77,"column":2},"end":{"line":88,"column":3}},"line":77},"10":{"name":"isFinished","decl":{"start":{"line":90,"column":2},"end":{"line":92,"column":3}},"loc":{"start":{"line":90,"column":2},"end":{"line":92,"column":3}},"line":90},"11":{"name":"freeze","decl":{"start":{"line":94,"column":2},"end":{"line":99,"column":3}},"loc":{"start":{"line":94,"column":2},"end":{"line":99,"column":3}},"line":94},"12":{"name":"defrost","decl":{"start":{"line":101,"column":2},"end":{"line":109,"column":3}},"loc":{"start":{"line":101,"column":2},"end":{"line":109,"column":3}},"line":101}},"f":{"0":1013,"1":94,"2":94,"3":8,"4":139,"5":130,"6":112,"7":371,"8":114,"9":134,"10":25,"11":4,"12":5}}
,"/home/anton/.zenflow/worktrees/modernize-and-improve-js-crawler-5859/src/types.ts": {"path":"/home/anton/.zenflow/worktrees/modernize-and-improve-js-crawler-5859/src/types.ts","all":true,"statementMap":{},"s":{},"branchMap":{"0":{"type":"branch","line":1,"loc":{"start":{"line":1,"column":1226},"end":{"line":54,"column":1}},"locations":[{"start":{"line":1,"column":1226},"end":{"line":54,"column":1}}]}},"b":{"0":[1]},"fnMap":{"0":{"name":"(empty-report)","decl":{"start":{"line":1,"column":1226},"end":{"line":54,"column":1}},"loc":{"start":{"line":1,"column":1226},"end":{"line":54,"column":1}},"line":1}},"f":{"0":1}}
}
